[0.020s] Invoking command in '/home/pranav/project_robot_ws/build/my_robot_bringup': CMAKE_PREFIX_PATH=${CMAKE_PREFIX_PATH}:/home/pranav/ws/install/mypkg:/home/pranav/learning_ws/install/mypkg:/opt/ros/humble /usr/bin/cmake /home/pranav/project_robot_ws/src/my_robot_bringup -DAMENT_CMAKE_SYMLINK_INSTALL=1 -DCMAKE_INSTALL_PREFIX=/home/pranav/project_robot_ws/install/my_robot_bringup
[0.128s] -- Found ament_cmake: 1.3.9 (/opt/ros/humble/share/ament_cmake/cmake)
[0.345s] -- Override CMake install command with custom implementation using symlinks instead of copying resources
[0.495s] -- Configuring done
[0.505s] -- Generating done
[0.508s] -- Build files have been written to: /home/pranav/project_robot_ws/build/my_robot_bringup
[0.516s] Invoked command in '/home/pranav/project_robot_ws/build/my_robot_bringup' returned '0': CMAKE_PREFIX_PATH=${CMAKE_PREFIX_PATH}:/home/pranav/ws/install/mypkg:/home/pranav/learning_ws/install/mypkg:/opt/ros/humble /usr/bin/cmake /home/pranav/project_robot_ws/src/my_robot_bringup -DAMENT_CMAKE_SYMLINK_INSTALL=1 -DCMAKE_INSTALL_PREFIX=/home/pranav/project_robot_ws/install/my_robot_bringup
[0.517s] Invoking command in '/home/pranav/project_robot_ws/build/my_robot_bringup': CMAKE_PREFIX_PATH=${CMAKE_PREFIX_PATH}:/home/pranav/ws/install/mypkg:/home/pranav/learning_ws/install/mypkg:/opt/ros/humble /usr/bin/cmake --build /home/pranav/project_robot_ws/build/my_robot_bringup -- -j4 -l4
[0.579s] Invoked command in '/home/pranav/project_robot_ws/build/my_robot_bringup' returned '0': CMAKE_PREFIX_PATH=${CMAKE_PREFIX_PATH}:/home/pranav/ws/install/mypkg:/home/pranav/learning_ws/install/mypkg:/opt/ros/humble /usr/bin/cmake --build /home/pranav/project_robot_ws/build/my_robot_bringup -- -j4 -l4
[0.636s] Invoking command in '/home/pranav/project_robot_ws/build/my_robot_bringup': CMAKE_PREFIX_PATH=${CMAKE_PREFIX_PATH}:/home/pranav/ws/install/mypkg:/home/pranav/learning_ws/install/mypkg:/opt/ros/humble /usr/bin/cmake --install /home/pranav/project_robot_ws/build/my_robot_bringup
[0.651s] -- Install configuration: ""
[0.652s] -- Execute custom install script
[0.652s] -- Symlinking: /home/pranav/project_robot_ws/install/my_robot_bringup/share/my_robot_bringup/launch/my_robot_gazebo.launch.xml
[0.670s] -- Symlinking: /home/pranav/project_robot_ws/install/my_robot_bringup/share/ament_index/resource_index/package_run_dependencies/my_robot_bringup
[0.688s] -- Symlinking: /home/pranav/project_robot_ws/install/my_robot_bringup/share/ament_index/resource_index/parent_prefix_path/my_robot_bringup
[0.702s] -- Symlinking: /home/pranav/project_robot_ws/install/my_robot_bringup/share/my_robot_bringup/environment/ament_prefix_path.sh
[0.715s] -- Symlinking: /home/pranav/project_robot_ws/install/my_robot_bringup/share/my_robot_bringup/environment/ament_prefix_path.dsv
[0.733s] -- Symlinking: /home/pranav/project_robot_ws/install/my_robot_bringup/share/my_robot_bringup/environment/path.sh
[0.751s] -- Symlinking: /home/pranav/project_robot_ws/install/my_robot_bringup/share/my_robot_bringup/environment/path.dsv
[0.767s] -- Symlinking: /home/pranav/project_robot_ws/install/my_robot_bringup/share/my_robot_bringup/local_setup.bash
[0.786s] -- Symlinking: /home/pranav/project_robot_ws/install/my_robot_bringup/share/my_robot_bringup/local_setup.sh
[0.805s] -- Symlinking: /home/pranav/project_robot_ws/install/my_robot_bringup/share/my_robot_bringup/local_setup.zsh
[0.819s] -- Symlinking: /home/pranav/project_robot_ws/install/my_robot_bringup/share/my_robot_bringup/local_setup.dsv
[0.834s] -- Symlinking: /home/pranav/project_robot_ws/install/my_robot_bringup/share/my_robot_bringup/package.dsv
[0.851s] -- Symlinking: /home/pranav/project_robot_ws/install/my_robot_bringup/share/ament_index/resource_index/packages/my_robot_bringup
[0.866s] -- Symlinking: /home/pranav/project_robot_ws/install/my_robot_bringup/share/my_robot_bringup/cmake/my_robot_bringupConfig.cmake
[0.879s] -- Symlinking: /home/pranav/project_robot_ws/install/my_robot_bringup/share/my_robot_bringup/cmake/my_robot_bringupConfig-version.cmake
[0.892s] -- Symlinking: /home/pranav/project_robot_ws/install/my_robot_bringup/share/my_robot_bringup/package.xml
[0.906s] Invoked command in '/home/pranav/project_robot_ws/build/my_robot_bringup' returned '0': CMAKE_PREFIX_PATH=${CMAKE_PREFIX_PATH}:/home/pranav/ws/install/mypkg:/home/pranav/learning_ws/install/mypkg:/opt/ros/humble /usr/bin/cmake --install /home/pranav/project_robot_ws/build/my_robot_bringup
