[0.022s] Invoking command in '/home/pranav/project_robot_ws/build/project_robot_description': CMAKE_PREFIX_PATH=${CMAKE_PREFIX_PATH}:/home/pranav/ws/install/mypkg:/home/pranav/learning_ws/install/mypkg:/opt/ros/humble /usr/bin/cmake --build /home/pranav/project_robot_ws/build/project_robot_description -- -j4 -l4
[0.083s] Invoked command in '/home/pranav/project_robot_ws/build/project_robot_description' returned '0': CMAKE_PREFIX_PATH=${CMAKE_PREFIX_PATH}:/home/pranav/ws/install/mypkg:/home/pranav/learning_ws/install/mypkg:/opt/ros/humble /usr/bin/cmake --build /home/pranav/project_robot_ws/build/project_robot_description -- -j4 -l4
[0.151s] Invoking command in '/home/pranav/project_robot_ws/build/project_robot_description': CMAKE_PREFIX_PATH=${CMAKE_PREFIX_PATH}:/home/pranav/ws/install/mypkg:/home/pranav/learning_ws/install/mypkg:/opt/ros/humble /usr/bin/cmake --install /home/pranav/project_robot_ws/build/project_robot_description
[0.162s] -- Install configuration: ""
[0.163s] -- Execute custom install script
[0.163s] -- Up-to-date symlink: /home/pranav/project_robot_ws/install/project_robot_description/share/project_robot_description//urdf/my_robot.urdf.xacro
[0.163s] -- Up-to-date symlink: /home/pranav/project_robot_ws/install/project_robot_description/share/project_robot_description//urdf/properties.urdf.xacro
[0.164s] -- Up-to-date symlink: /home/pranav/project_robot_ws/install/project_robot_description/share/project_robot_description//urdf/structure.urdf.xacro
[0.164s] -- Up-to-date symlink: /home/pranav/project_robot_ws/install/project_robot_description/share/project_robot_description//launch/display.launch.xml
[0.164s] -- Up-to-date symlink: /home/pranav/project_robot_ws/install/project_robot_description/share/project_robot_description//rviz/default.rviz
[0.164s] -- Up-to-date symlink: /home/pranav/project_robot_ws/install/project_robot_description/share/ament_index/resource_index/package_run_dependencies/project_robot_description
[0.165s] -- Up-to-date symlink: /home/pranav/project_robot_ws/install/project_robot_description/share/ament_index/resource_index/parent_prefix_path/project_robot_description
[0.165s] -- Up-to-date symlink: /home/pranav/project_robot_ws/install/project_robot_description/share/project_robot_description/environment/ament_prefix_path.sh
[0.165s] -- Up-to-date symlink: /home/pranav/project_robot_ws/install/project_robot_description/share/project_robot_description/environment/ament_prefix_path.dsv
[0.165s] -- Up-to-date symlink: /home/pranav/project_robot_ws/install/project_robot_description/share/project_robot_description/environment/path.sh
[0.165s] -- Up-to-date symlink: /home/pranav/project_robot_ws/install/project_robot_description/share/project_robot_description/environment/path.dsv
[0.166s] -- Up-to-date symlink: /home/pranav/project_robot_ws/install/project_robot_description/share/project_robot_description/local_setup.bash
[0.166s] -- Up-to-date symlink: /home/pranav/project_robot_ws/install/project_robot_description/share/project_robot_description/local_setup.sh
[0.166s] -- Up-to-date symlink: /home/pranav/project_robot_ws/install/project_robot_description/share/project_robot_description/local_setup.zsh
[0.166s] -- Up-to-date symlink: /home/pranav/project_robot_ws/install/project_robot_description/share/project_robot_description/local_setup.dsv
[0.167s] -- Symlinking: /home/pranav/project_robot_ws/install/project_robot_description/share/project_robot_description/package.dsv
[0.185s] -- Up-to-date symlink: /home/pranav/project_robot_ws/install/project_robot_description/share/ament_index/resource_index/packages/project_robot_description
[0.186s] -- Up-to-date symlink: /home/pranav/project_robot_ws/install/project_robot_description/share/project_robot_description/cmake/project_robot_descriptionConfig.cmake
[0.186s] -- Up-to-date symlink: /home/pranav/project_robot_ws/install/project_robot_description/share/project_robot_description/cmake/project_robot_descriptionConfig-version.cmake
[0.186s] -- Up-to-date symlink: /home/pranav/project_robot_ws/install/project_robot_description/share/project_robot_description/package.xml
[0.190s] Invoked command in '/home/pranav/project_robot_ws/build/project_robot_description' returned '0': CMAKE_PREFIX_PATH=${CMAKE_PREFIX_PATH}:/home/pranav/ws/install/mypkg:/home/pranav/learning_ws/install/mypkg:/opt/ros/humble /usr/bin/cmake --install /home/pranav/project_robot_ws/build/project_robot_description
