[0.025s] Invoking command in '/home/pranav/project_robot_ws/build/my_robot_bringup': CMAKE_PREFIX_PATH=${CMAKE_PREFIX_PATH}:/home/pranav/ws/install/mypkg:/home/pranav/learning_ws/install/mypkg:/opt/ros/humble /usr/bin/cmake --build /home/pranav/project_robot_ws/build/my_robot_bringup -- -j4 -l4
[0.080s] Invoked command in '/home/pranav/project_robot_ws/build/my_robot_bringup' returned '0': CMAKE_PREFIX_PATH=${CMAKE_PREFIX_PATH}:/home/pranav/ws/install/mypkg:/home/pranav/learning_ws/install/mypkg:/opt/ros/humble /usr/bin/cmake --build /home/pranav/project_robot_ws/build/my_robot_bringup -- -j4 -l4
[0.144s] Invoking command in '/home/pranav/project_robot_ws/build/my_robot_bringup': CMAKE_PREFIX_PATH=${CMAKE_PREFIX_PATH}:/home/pranav/ws/install/mypkg:/home/pranav/learning_ws/install/mypkg:/opt/ros/humble /usr/bin/cmake --install /home/pranav/project_robot_ws/build/my_robot_bringup
[0.159s] -- Install configuration: ""
[0.160s] -- Execute custom install script
[0.161s] -- Up-to-date symlink: /home/pranav/project_robot_ws/install/my_robot_bringup/share/my_robot_bringup/launch/my_robot_gazebo.launch.xml
[0.161s] -- Up-to-date symlink: /home/pranav/project_robot_ws/install/my_robot_bringup/share/ament_index/resource_index/package_run_dependencies/my_robot_bringup
[0.161s] -- Up-to-date symlink: /home/pranav/project_robot_ws/install/my_robot_bringup/share/ament_index/resource_index/parent_prefix_path/my_robot_bringup
[0.161s] -- Up-to-date symlink: /home/pranav/project_robot_ws/install/my_robot_bringup/share/my_robot_bringup/environment/ament_prefix_path.sh
[0.161s] -- Up-to-date symlink: /home/pranav/project_robot_ws/install/my_robot_bringup/share/my_robot_bringup/environment/ament_prefix_path.dsv
[0.162s] -- Up-to-date symlink: /home/pranav/project_robot_ws/install/my_robot_bringup/share/my_robot_bringup/environment/path.sh
[0.162s] -- Up-to-date symlink: /home/pranav/project_robot_ws/install/my_robot_bringup/share/my_robot_bringup/environment/path.dsv
[0.162s] -- Up-to-date symlink: /home/pranav/project_robot_ws/install/my_robot_bringup/share/my_robot_bringup/local_setup.bash
[0.162s] -- Up-to-date symlink: /home/pranav/project_robot_ws/install/my_robot_bringup/share/my_robot_bringup/local_setup.sh
[0.163s] -- Up-to-date symlink: /home/pranav/project_robot_ws/install/my_robot_bringup/share/my_robot_bringup/local_setup.zsh
[0.163s] -- Up-to-date symlink: /home/pranav/project_robot_ws/install/my_robot_bringup/share/my_robot_bringup/local_setup.dsv
[0.163s] -- Symlinking: /home/pranav/project_robot_ws/install/my_robot_bringup/share/my_robot_bringup/package.dsv
[0.182s] -- Up-to-date symlink: /home/pranav/project_robot_ws/install/my_robot_bringup/share/ament_index/resource_index/packages/my_robot_bringup
[0.182s] -- Up-to-date symlink: /home/pranav/project_robot_ws/install/my_robot_bringup/share/my_robot_bringup/cmake/my_robot_bringupConfig.cmake
[0.183s] -- Up-to-date symlink: /home/pranav/project_robot_ws/install/my_robot_bringup/share/my_robot_bringup/cmake/my_robot_bringupConfig-version.cmake
[0.183s] -- Up-to-date symlink: /home/pranav/project_robot_ws/install/my_robot_bringup/share/my_robot_bringup/package.xml
[0.187s] Invoked command in '/home/pranav/project_robot_ws/build/my_robot_bringup' returned '0': CMAKE_PREFIX_PATH=${CMAKE_PREFIX_PATH}:/home/pranav/ws/install/mypkg:/home/pranav/learning_ws/install/mypkg:/opt/ros/humble /usr/bin/cmake --install /home/pranav/project_robot_ws/build/my_robot_bringup
