[0.018s] Invoking command in '/home/pranav/project_robot_ws/build/project_robot_description': CMAKE_PREFIX_PATH=${CMAKE_PREFIX_PATH}:/home/pranav/ws/install/mypkg:/home/pranav/learning_ws/install/mypkg:/opt/ros/humble /usr/bin/cmake --build /home/pranav/project_robot_ws/build/project_robot_description -- -j4 -l4
[0.078s] Invoked command in '/home/pranav/project_robot_ws/build/project_robot_description' returned '0': CMAKE_PREFIX_PATH=${CMAKE_PREFIX_PATH}:/home/pranav/ws/install/mypkg:/home/pranav/learning_ws/install/mypkg:/opt/ros/humble /usr/bin/cmake --build /home/pranav/project_robot_ws/build/project_robot_description -- -j4 -l4
[0.129s] Invoking command in '/home/pranav/project_robot_ws/build/project_robot_description': CMAKE_PREFIX_PATH=${CMAKE_PREFIX_PATH}:/home/pranav/ws/install/mypkg:/home/pranav/learning_ws/install/mypkg:/opt/ros/humble /usr/bin/cmake --install /home/pranav/project_robot_ws/build/project_robot_description
[0.142s] -- Install configuration: ""
[0.142s] -- Up-to-date: /home/pranav/project_robot_ws/install/project_robot_description/share/project_robot_description//urdf
[0.143s] -- Up-to-date: /home/pranav/project_robot_ws/install/project_robot_description/share/project_robot_description//urdf/my_robot.urdf
[0.143s] -- Up-to-date: /home/pranav/project_robot_ws/install/project_robot_description/share/ament_index/resource_index/package_run_dependencies/project_robot_description
[0.143s] -- Up-to-date: /home/pranav/project_robot_ws/install/project_robot_description/share/ament_index/resource_index/parent_prefix_path/project_robot_description
[0.143s] -- Up-to-date: /home/pranav/project_robot_ws/install/project_robot_description/share/project_robot_description/environment/ament_prefix_path.sh
[0.143s] -- Up-to-date: /home/pranav/project_robot_ws/install/project_robot_description/share/project_robot_description/environment/ament_prefix_path.dsv
[0.143s] -- Up-to-date: /home/pranav/project_robot_ws/install/project_robot_description/share/project_robot_description/environment/path.sh
[0.143s] -- Up-to-date: /home/pranav/project_robot_ws/install/project_robot_description/share/project_robot_description/environment/path.dsv
[0.143s] -- Up-to-date: /home/pranav/project_robot_ws/install/project_robot_description/share/project_robot_description/local_setup.bash
[0.144s] -- Up-to-date: /home/pranav/project_robot_ws/install/project_robot_description/share/project_robot_description/local_setup.sh
[0.144s] -- Up-to-date: /home/pranav/project_robot_ws/install/project_robot_description/share/project_robot_description/local_setup.zsh
[0.144s] -- Up-to-date: /home/pranav/project_robot_ws/install/project_robot_description/share/project_robot_description/local_setup.dsv
[0.144s] -- Up-to-date: /home/pranav/project_robot_ws/install/project_robot_description/share/project_robot_description/package.dsv
[0.144s] -- Up-to-date: /home/pranav/project_robot_ws/install/project_robot_description/share/ament_index/resource_index/packages/project_robot_description
[0.144s] -- Up-to-date: /home/pranav/project_robot_ws/install/project_robot_description/share/project_robot_description/cmake/project_robot_descriptionConfig.cmake
[0.144s] -- Up-to-date: /home/pranav/project_robot_ws/install/project_robot_description/share/project_robot_description/cmake/project_robot_descriptionConfig-version.cmake
[0.144s] -- Up-to-date: /home/pranav/project_robot_ws/install/project_robot_description/share/project_robot_description/package.xml
[0.148s] Invoked command in '/home/pranav/project_robot_ws/build/project_robot_description' returned '0': CMAKE_PREFIX_PATH=${CMAKE_PREFIX_PATH}:/home/pranav/ws/install/mypkg:/home/pranav/learning_ws/install/mypkg:/opt/ros/humble /usr/bin/cmake --install /home/pranav/project_robot_ws/build/project_robot_description
