[0.024s] Invoking command in '/home/pranav/project_robot_ws/build/my_robot_bringup': CMAKE_PREFIX_PATH=${CMAKE_PREFIX_PATH}:/home/pranav/ws/install/mypkg:/home/pranav/learning_ws/install/mypkg:/opt/ros/humble /usr/bin/cmake /home/pranav/project_robot_ws/src/my_robot_bringup -DCMAKE_INSTALL_PREFIX=/home/pranav/project_robot_ws/install/my_robot_bringup
[0.046s] -- Found ament_cmake: 1.3.9 (/opt/ros/humble/share/ament_cmake/cmake)
[0.198s] -- Override CMake install command with custom implementation using symlinks instead of copying resources
[0.311s] -- Configuring done
[0.315s] -- Generating done
[0.317s] -- Build files have been written to: /home/pranav/project_robot_ws/build/my_robot_bringup
[0.322s] Invoked command in '/home/pranav/project_robot_ws/build/my_robot_bringup' returned '0': CMAKE_PREFIX_PATH=${CMAKE_PREFIX_PATH}:/home/pranav/ws/install/mypkg:/home/pranav/learning_ws/install/mypkg:/opt/ros/humble /usr/bin/cmake /home/pranav/project_robot_ws/src/my_robot_bringup -DCMAKE_INSTALL_PREFIX=/home/pranav/project_robot_ws/install/my_robot_bringup
[0.323s] Invoking command in '/home/pranav/project_robot_ws/build/my_robot_bringup': CMAKE_PREFIX_PATH=${CMAKE_PREFIX_PATH}:/home/pranav/ws/install/mypkg:/home/pranav/learning_ws/install/mypkg:/opt/ros/humble /usr/bin/cmake --build /home/pranav/project_robot_ws/build/my_robot_bringup -- -j4 -l4
[0.391s] Invoked command in '/home/pranav/project_robot_ws/build/my_robot_bringup' returned '0': CMAKE_PREFIX_PATH=${CMAKE_PREFIX_PATH}:/home/pranav/ws/install/mypkg:/home/pranav/learning_ws/install/mypkg:/opt/ros/humble /usr/bin/cmake --build /home/pranav/project_robot_ws/build/my_robot_bringup -- -j4 -l4
[0.441s] Invoking command in '/home/pranav/project_robot_ws/build/my_robot_bringup': CMAKE_PREFIX_PATH=${CMAKE_PREFIX_PATH}:/home/pranav/ws/install/mypkg:/home/pranav/learning_ws/install/mypkg:/opt/ros/humble /usr/bin/cmake --install /home/pranav/project_robot_ws/build/my_robot_bringup
[0.451s] -- Install configuration: ""
[0.451s] -- Execute custom install script
[0.452s] -- Up-to-date symlink: /home/pranav/project_robot_ws/install/my_robot_bringup/share/my_robot_bringup/launch/my_robot_gazebo.launch.xml
[0.452s] -- Up-to-date symlink: /home/pranav/project_robot_ws/install/my_robot_bringup/share/ament_index/resource_index/package_run_dependencies/my_robot_bringup
[0.452s] -- Up-to-date symlink: /home/pranav/project_robot_ws/install/my_robot_bringup/share/ament_index/resource_index/parent_prefix_path/my_robot_bringup
[0.453s] -- Up-to-date symlink: /home/pranav/project_robot_ws/install/my_robot_bringup/share/my_robot_bringup/environment/ament_prefix_path.sh
[0.453s] -- Up-to-date symlink: /home/pranav/project_robot_ws/install/my_robot_bringup/share/my_robot_bringup/environment/ament_prefix_path.dsv
[0.453s] -- Up-to-date symlink: /home/pranav/project_robot_ws/install/my_robot_bringup/share/my_robot_bringup/environment/path.sh
[0.453s] -- Up-to-date symlink: /home/pranav/project_robot_ws/install/my_robot_bringup/share/my_robot_bringup/environment/path.dsv
[0.454s] -- Up-to-date symlink: /home/pranav/project_robot_ws/install/my_robot_bringup/share/my_robot_bringup/local_setup.bash
[0.454s] -- Up-to-date symlink: /home/pranav/project_robot_ws/install/my_robot_bringup/share/my_robot_bringup/local_setup.sh
[0.454s] -- Up-to-date symlink: /home/pranav/project_robot_ws/install/my_robot_bringup/share/my_robot_bringup/local_setup.zsh
[0.454s] -- Up-to-date symlink: /home/pranav/project_robot_ws/install/my_robot_bringup/share/my_robot_bringup/local_setup.dsv
[0.455s] -- Symlinking: /home/pranav/project_robot_ws/install/my_robot_bringup/share/my_robot_bringup/package.dsv
[0.468s] -- Up-to-date symlink: /home/pranav/project_robot_ws/install/my_robot_bringup/share/ament_index/resource_index/packages/my_robot_bringup
[0.469s] -- Up-to-date symlink: /home/pranav/project_robot_ws/install/my_robot_bringup/share/my_robot_bringup/cmake/my_robot_bringupConfig.cmake
[0.469s] -- Up-to-date symlink: /home/pranav/project_robot_ws/install/my_robot_bringup/share/my_robot_bringup/cmake/my_robot_bringupConfig-version.cmake
[0.469s] -- Up-to-date symlink: /home/pranav/project_robot_ws/install/my_robot_bringup/share/my_robot_bringup/package.xml
[0.471s] Invoked command in '/home/pranav/project_robot_ws/build/my_robot_bringup' returned '0': CMAKE_PREFIX_PATH=${CMAKE_PREFIX_PATH}:/home/pranav/ws/install/mypkg:/home/pranav/learning_ws/install/mypkg:/opt/ros/humble /usr/bin/cmake --install /home/pranav/project_robot_ws/build/my_robot_bringup
