[0.028s] Invoking command in '/home/pranav/project_robot_ws/build/project_robot_description': CMAKE_PREFIX_PATH=${CMAKE_PREFIX_PATH}:/home/pranav/ws/install/mypkg:/home/pranav/learning_ws/install/mypkg:/opt/ros/humble /usr/bin/cmake /home/pranav/project_robot_ws/src/project_robot_description -DCMAKE_INSTALL_PREFIX=/home/pranav/project_robot_ws/install/project_robot_description
[0.066s] -- Found ament_cmake: 1.3.9 (/opt/ros/humble/share/ament_cmake/cmake)
[0.342s] -- Override CMake install command with custom implementation using symlinks instead of copying resources
[0.469s] -- Configuring done
[0.481s] -- Generating done
[0.483s] -- Build files have been written to: /home/pranav/project_robot_ws/build/project_robot_description
[0.487s] Invoked command in '/home/pranav/project_robot_ws/build/project_robot_description' returned '0': CMAKE_PREFIX_PATH=${CMAKE_PREFIX_PATH}:/home/pranav/ws/install/mypkg:/home/pranav/learning_ws/install/mypkg:/opt/ros/humble /usr/bin/cmake /home/pranav/project_robot_ws/src/project_robot_description -DCMAKE_INSTALL_PREFIX=/home/pranav/project_robot_ws/install/project_robot_description
[0.490s] Invoking command in '/home/pranav/project_robot_ws/build/project_robot_description': CMAKE_PREFIX_PATH=${CMAKE_PREFIX_PATH}:/home/pranav/ws/install/mypkg:/home/pranav/learning_ws/install/mypkg:/opt/ros/humble /usr/bin/cmake --build /home/pranav/project_robot_ws/build/project_robot_description -- -j4 -l4
[0.544s] Invoked command in '/home/pranav/project_robot_ws/build/project_robot_description' returned '0': CMAKE_PREFIX_PATH=${CMAKE_PREFIX_PATH}:/home/pranav/ws/install/mypkg:/home/pranav/learning_ws/install/mypkg:/opt/ros/humble /usr/bin/cmake --build /home/pranav/project_robot_ws/build/project_robot_description -- -j4 -l4
[0.592s] Invoking command in '/home/pranav/project_robot_ws/build/project_robot_description': CMAKE_PREFIX_PATH=${CMAKE_PREFIX_PATH}:/home/pranav/ws/install/mypkg:/home/pranav/learning_ws/install/mypkg:/opt/ros/humble /usr/bin/cmake --install /home/pranav/project_robot_ws/build/project_robot_description
[0.602s] -- Install configuration: ""
[0.602s] -- Execute custom install script
[0.603s] -- Symlinking: /home/pranav/project_robot_ws/install/project_robot_description/share/project_robot_description//urdf/camera.urdf.xacro
[0.619s] -- Up-to-date symlink: /home/pranav/project_robot_ws/install/project_robot_description/share/project_robot_description//urdf/gazebo.urdf.xacro
[0.620s] -- Up-to-date symlink: /home/pranav/project_robot_ws/install/project_robot_description/share/project_robot_description//urdf/my_robot.urdf.xacro
[0.620s] -- Up-to-date symlink: /home/pranav/project_robot_ws/install/project_robot_description/share/project_robot_description//urdf/properties.urdf.xacro
[0.621s] -- Up-to-date symlink: /home/pranav/project_robot_ws/install/project_robot_description/share/project_robot_description//urdf/structure.urdf.xacro
[0.622s] -- Up-to-date symlink: /home/pranav/project_robot_ws/install/project_robot_description/share/project_robot_description//launch/display.launch.xml
[0.623s] -- Up-to-date symlink: /home/pranav/project_robot_ws/install/project_robot_description/share/project_robot_description//rviz/default.rviz
[0.623s] -- Up-to-date symlink: /home/pranav/project_robot_ws/install/project_robot_description/share/ament_index/resource_index/package_run_dependencies/project_robot_description
[0.624s] -- Up-to-date symlink: /home/pranav/project_robot_ws/install/project_robot_description/share/ament_index/resource_index/parent_prefix_path/project_robot_description
[0.624s] -- Up-to-date symlink: /home/pranav/project_robot_ws/install/project_robot_description/share/project_robot_description/environment/ament_prefix_path.sh
[0.625s] -- Up-to-date symlink: /home/pranav/project_robot_ws/install/project_robot_description/share/project_robot_description/environment/ament_prefix_path.dsv
[0.625s] -- Up-to-date symlink: /home/pranav/project_robot_ws/install/project_robot_description/share/project_robot_description/environment/path.sh
[0.626s] -- Up-to-date symlink: /home/pranav/project_robot_ws/install/project_robot_description/share/project_robot_description/environment/path.dsv
[0.626s] -- Up-to-date symlink: /home/pranav/project_robot_ws/install/project_robot_description/share/project_robot_description/local_setup.bash
[0.627s] -- Up-to-date symlink: /home/pranav/project_robot_ws/install/project_robot_description/share/project_robot_description/local_setup.sh
[0.628s] -- Up-to-date symlink: /home/pranav/project_robot_ws/install/project_robot_description/share/project_robot_description/local_setup.zsh
[0.628s] -- Up-to-date symlink: /home/pranav/project_robot_ws/install/project_robot_description/share/project_robot_description/local_setup.dsv
[0.628s] -- Symlinking: /home/pranav/project_robot_ws/install/project_robot_description/share/project_robot_description/package.dsv
[0.645s] -- Up-to-date symlink: /home/pranav/project_robot_ws/install/project_robot_description/share/ament_index/resource_index/packages/project_robot_description
[0.645s] -- Up-to-date symlink: /home/pranav/project_robot_ws/install/project_robot_description/share/project_robot_description/cmake/project_robot_descriptionConfig.cmake
[0.647s] -- Up-to-date symlink: /home/pranav/project_robot_ws/install/project_robot_description/share/project_robot_description/cmake/project_robot_descriptionConfig-version.cmake
[0.648s] -- Up-to-date symlink: /home/pranav/project_robot_ws/install/project_robot_description/share/project_robot_description/package.xml
[0.671s] Invoked command in '/home/pranav/project_robot_ws/build/project_robot_description' returned '0': CMAKE_PREFIX_PATH=${CMAKE_PREFIX_PATH}:/home/pranav/ws/install/mypkg:/home/pranav/learning_ws/install/mypkg:/opt/ros/humble /usr/bin/cmake --install /home/pranav/project_robot_ws/build/project_robot_description
