[0.016s] Invoking command in '/home/pranav/project_robot_ws/build/project_robot_description': CMAKE_PREFIX_PATH=${CMAKE_PREFIX_PATH}:/home/pranav/ws/install/mypkg:/home/pranav/learning_ws/install/mypkg:/opt/ros/humble /usr/bin/cmake --build /home/pranav/project_robot_ws/build/project_robot_description -- -j4 -l4
[0.055s] -- Found ament_cmake: 1.3.9 (/opt/ros/humble/share/ament_cmake/cmake)
[0.260s] -- Configuring done
[0.264s] -- Generating done
[0.265s] -- Build files have been written to: /home/pranav/project_robot_ws/build/project_robot_description
[0.299s] Invoked command in '/home/pranav/project_robot_ws/build/project_robot_description' returned '0': CMAKE_PREFIX_PATH=${CMAKE_PREFIX_PATH}:/home/pranav/ws/install/mypkg:/home/pranav/learning_ws/install/mypkg:/opt/ros/humble /usr/bin/cmake --build /home/pranav/project_robot_ws/build/project_robot_description -- -j4 -l4
[0.343s] Invoking command in '/home/pranav/project_robot_ws/build/project_robot_description': CMAKE_PREFIX_PATH=${CMAKE_PREFIX_PATH}:/home/pranav/ws/install/mypkg:/home/pranav/learning_ws/install/mypkg:/opt/ros/humble /usr/bin/cmake --install /home/pranav/project_robot_ws/build/project_robot_description
[0.352s] -- Install configuration: ""
[0.353s] -- Up-to-date: /home/pranav/project_robot_ws/install/project_robot_description/share/project_robot_description//urdf
[0.353s] -- Up-to-date: /home/pranav/project_robot_ws/install/project_robot_description/share/project_robot_description//urdf/my_robot.urdf
[0.353s] -- Up-to-date: /home/pranav/project_robot_ws/install/project_robot_description/share/project_robot_description//launch
[0.353s] -- Installing: /home/pranav/project_robot_ws/install/project_robot_description/share/project_robot_description//launch/display.launch.xml
[0.353s] -- Installing: /home/pranav/project_robot_ws/install/project_robot_description/share/project_robot_description//.rviz
[0.353s] -- Installing: /home/pranav/project_robot_ws/install/project_robot_description/share/project_robot_description//.rviz/default.rviz
[0.354s] -- Up-to-date: /home/pranav/project_robot_ws/install/project_robot_description/share/ament_index/resource_index/package_run_dependencies/project_robot_description
[0.354s] -- Up-to-date: /home/pranav/project_robot_ws/install/project_robot_description/share/ament_index/resource_index/parent_prefix_path/project_robot_description
[0.354s] -- Up-to-date: /home/pranav/project_robot_ws/install/project_robot_description/share/project_robot_description/environment/ament_prefix_path.sh
[0.354s] -- Installing: /home/pranav/project_robot_ws/install/project_robot_description/share/project_robot_description/environment/ament_prefix_path.dsv
[0.354s] -- Up-to-date: /home/pranav/project_robot_ws/install/project_robot_description/share/project_robot_description/environment/path.sh
[0.354s] -- Installing: /home/pranav/project_robot_ws/install/project_robot_description/share/project_robot_description/environment/path.dsv
[0.355s] -- Up-to-date: /home/pranav/project_robot_ws/install/project_robot_description/share/project_robot_description/local_setup.bash
[0.355s] -- Up-to-date: /home/pranav/project_robot_ws/install/project_robot_description/share/project_robot_description/local_setup.sh
[0.355s] -- Up-to-date: /home/pranav/project_robot_ws/install/project_robot_description/share/project_robot_description/local_setup.zsh
[0.355s] -- Installing: /home/pranav/project_robot_ws/install/project_robot_description/share/project_robot_description/local_setup.dsv
[0.355s] -- Installing: /home/pranav/project_robot_ws/install/project_robot_description/share/project_robot_description/package.dsv
[0.356s] -- Up-to-date: /home/pranav/project_robot_ws/install/project_robot_description/share/ament_index/resource_index/packages/project_robot_description
[0.356s] -- Up-to-date: /home/pranav/project_robot_ws/install/project_robot_description/share/project_robot_description/cmake/project_robot_descriptionConfig.cmake
[0.356s] -- Up-to-date: /home/pranav/project_robot_ws/install/project_robot_description/share/project_robot_description/cmake/project_robot_descriptionConfig-version.cmake
[0.356s] -- Up-to-date: /home/pranav/project_robot_ws/install/project_robot_description/share/project_robot_description/package.xml
[0.359s] Invoked command in '/home/pranav/project_robot_ws/build/project_robot_description' returned '0': CMAKE_PREFIX_PATH=${CMAKE_PREFIX_PATH}:/home/pranav/ws/install/mypkg:/home/pranav/learning_ws/install/mypkg:/opt/ros/humble /usr/bin/cmake --install /home/pranav/project_robot_ws/build/project_robot_description
