[0.129s] DEBUG:colcon:Command line arguments: ['/usr/bin/colcon', 'build']
[0.129s] DEBUG:colcon:Parsed command line arguments: Namespace(log_base=None, log_level=None, verb_name='build', build_base='build', install_base='install', merge_install=False, symlink_install=False, test_result_base=None, continue_on_error=False, executor='parallel', parallel_workers=4, event_handlers=None, ignore_user_meta=False, metas=['./colcon.meta'], base_paths=['.'], packages_ignore=None, packages_ignore_regex=None, paths=None, packages_up_to=None, packages_up_to_regex=None, packages_above=None, packages_above_and_dependencies=None, packages_above_depth=None, packages_select_by_dep=None, packages_skip_by_dep=None, packages_skip_up_to=None, packages_select_build_failed=False, packages_skip_build_finished=False, packages_select_test_failures=False, packages_skip_test_passed=False, packages_select=None, packages_skip=None, packages_select_regex=None, packages_skip_regex=None, packages_start=None, packages_end=None, allow_overriding=[], cmake_args=None, cmake_target=None, cmake_target_skip_unavailable=False, cmake_clean_cache=False, cmake_clean_first=False, cmake_force_configure=False, ament_cmake_args=None, catkin_cmake_args=None, catkin_skip_building_tests=False, mixin_files=None, mixin=None, verb_parser=<colcon_mixin.mixin.mixin_argument.MixinArgumentDecorator object at 0x7dbd02b361d0>, verb_extension=<colcon_core.verb.build.BuildVerb object at 0x7dbd02b35330>, main=<bound method BuildVerb.main of <colcon_core.verb.build.BuildVerb object at 0x7dbd02b35330>>, mixin_verb=('build',))
[0.303s] Level 1:colcon.colcon_core.package_discovery:discover_packages(colcon_meta) check parameters
[0.304s] Level 1:colcon.colcon_core.package_discovery:discover_packages(recursive) check parameters
[0.304s] Level 1:colcon.colcon_core.package_discovery:discover_packages(ignore) check parameters
[0.304s] Level 1:colcon.colcon_core.package_discovery:discover_packages(path) check parameters
[0.304s] Level 1:colcon.colcon_core.package_discovery:discover_packages(colcon_meta) discover
[0.304s] Level 1:colcon.colcon_core.package_discovery:discover_packages(recursive) discover
[0.304s] INFO:colcon.colcon_core.package_discovery:Crawling recursively for packages in '/home/pranav/project_robot_ws'
[0.304s] Level 1:colcon.colcon_core.package_identification:_identify(.) by extensions ['ignore', 'ignore_ament_install']
[0.304s] Level 1:colcon.colcon_core.package_identification:_identify(.) by extension 'ignore'
[0.304s] Level 1:colcon.colcon_core.package_identification:_identify(.) by extension 'ignore_ament_install'
[0.304s] Level 1:colcon.colcon_core.package_identification:_identify(.) by extensions ['colcon_pkg']
[0.304s] Level 1:colcon.colcon_core.package_identification:_identify(.) by extension 'colcon_pkg'
[0.304s] Level 1:colcon.colcon_core.package_identification:_identify(.) by extensions ['colcon_meta']
[0.304s] Level 1:colcon.colcon_core.package_identification:_identify(.) by extension 'colcon_meta'
[0.304s] Level 1:colcon.colcon_core.package_identification:_identify(.) by extensions ['ros']
[0.304s] Level 1:colcon.colcon_core.package_identification:_identify(.) by extension 'ros'
[0.314s] Level 1:colcon.colcon_core.package_identification:_identify(.) by extensions ['cmake', 'python']
[0.314s] Level 1:colcon.colcon_core.package_identification:_identify(.) by extension 'cmake'
[0.314s] Level 1:colcon.colcon_core.package_identification:_identify(.) by extension 'python'
[0.314s] Level 1:colcon.colcon_core.package_identification:_identify(.) by extensions ['python_setup_py']
[0.314s] Level 1:colcon.colcon_core.package_identification:_identify(.) by extension 'python_setup_py'
[0.314s] Level 1:colcon.colcon_core.package_identification:_identify(build) by extensions ['ignore', 'ignore_ament_install']
[0.315s] Level 1:colcon.colcon_core.package_identification:_identify(build) by extension 'ignore'
[0.315s] Level 1:colcon.colcon_core.package_identification:_identify(build) ignored
[0.315s] Level 1:colcon.colcon_core.package_identification:_identify(install) by extensions ['ignore', 'ignore_ament_install']
[0.315s] Level 1:colcon.colcon_core.package_identification:_identify(install) by extension 'ignore'
[0.315s] Level 1:colcon.colcon_core.package_identification:_identify(install) ignored
[0.315s] Level 1:colcon.colcon_core.package_identification:_identify(log) by extensions ['ignore', 'ignore_ament_install']
[0.315s] Level 1:colcon.colcon_core.package_identification:_identify(log) by extension 'ignore'
[0.315s] Level 1:colcon.colcon_core.package_identification:_identify(log) ignored
[0.315s] Level 1:colcon.colcon_core.package_identification:_identify(src) by extensions ['ignore', 'ignore_ament_install']
[0.315s] Level 1:colcon.colcon_core.package_identification:_identify(src) by extension 'ignore'
[0.315s] Level 1:colcon.colcon_core.package_identification:_identify(src) by extension 'ignore_ament_install'
[0.315s] Level 1:colcon.colcon_core.package_identification:_identify(src) by extensions ['colcon_pkg']
[0.315s] Level 1:colcon.colcon_core.package_identification:_identify(src) by extension 'colcon_pkg'
[0.315s] Level 1:colcon.colcon_core.package_identification:_identify(src) by extensions ['colcon_meta']
[0.315s] Level 1:colcon.colcon_core.package_identification:_identify(src) by extension 'colcon_meta'
[0.316s] Level 1:colcon.colcon_core.package_identification:_identify(src) by extensions ['ros']
[0.316s] Level 1:colcon.colcon_core.package_identification:_identify(src) by extension 'ros'
[0.316s] Level 1:colcon.colcon_core.package_identification:_identify(src) by extensions ['cmake', 'python']
[0.316s] Level 1:colcon.colcon_core.package_identification:_identify(src) by extension 'cmake'
[0.316s] Level 1:colcon.colcon_core.package_identification:_identify(src) by extension 'python'
[0.316s] Level 1:colcon.colcon_core.package_identification:_identify(src) by extensions ['python_setup_py']
[0.316s] Level 1:colcon.colcon_core.package_identification:_identify(src) by extension 'python_setup_py'
[0.316s] Level 1:colcon.colcon_core.package_identification:_identify(src/my_robot_bringup) by extensions ['ignore', 'ignore_ament_install']
[0.316s] Level 1:colcon.colcon_core.package_identification:_identify(src/my_robot_bringup) by extension 'ignore'
[0.316s] Level 1:colcon.colcon_core.package_identification:_identify(src/my_robot_bringup) by extension 'ignore_ament_install'
[0.316s] Level 1:colcon.colcon_core.package_identification:_identify(src/my_robot_bringup) by extensions ['colcon_pkg']
[0.316s] Level 1:colcon.colcon_core.package_identification:_identify(src/my_robot_bringup) by extension 'colcon_pkg'
[0.316s] Level 1:colcon.colcon_core.package_identification:_identify(src/my_robot_bringup) by extensions ['colcon_meta']
[0.316s] Level 1:colcon.colcon_core.package_identification:_identify(src/my_robot_bringup) by extension 'colcon_meta'
[0.316s] Level 1:colcon.colcon_core.package_identification:_identify(src/my_robot_bringup) by extensions ['ros']
[0.316s] Level 1:colcon.colcon_core.package_identification:_identify(src/my_robot_bringup) by extension 'ros'
[0.318s] DEBUG:colcon.colcon_core.package_identification:Package 'src/my_robot_bringup' with type 'ros.ament_cmake' and name 'my_robot_bringup'
[0.318s] Level 1:colcon.colcon_core.package_identification:_identify(src/project_robot_description) by extensions ['ignore', 'ignore_ament_install']
[0.318s] Level 1:colcon.colcon_core.package_identification:_identify(src/project_robot_description) by extension 'ignore'
[0.319s] Level 1:colcon.colcon_core.package_identification:_identify(src/project_robot_description) by extension 'ignore_ament_install'
[0.319s] Level 1:colcon.colcon_core.package_identification:_identify(src/project_robot_description) by extensions ['colcon_pkg']
[0.319s] Level 1:colcon.colcon_core.package_identification:_identify(src/project_robot_description) by extension 'colcon_pkg'
[0.319s] Level 1:colcon.colcon_core.package_identification:_identify(src/project_robot_description) by extensions ['colcon_meta']
[0.319s] Level 1:colcon.colcon_core.package_identification:_identify(src/project_robot_description) by extension 'colcon_meta'
[0.319s] Level 1:colcon.colcon_core.package_identification:_identify(src/project_robot_description) by extensions ['ros']
[0.319s] Level 1:colcon.colcon_core.package_identification:_identify(src/project_robot_description) by extension 'ros'
[0.319s] DEBUG:colcon.colcon_core.package_identification:Package 'src/project_robot_description' with type 'ros.ament_cmake' and name 'project_robot_description'
[0.319s] Level 1:colcon.colcon_core.package_discovery:discover_packages(recursive) using defaults
[0.319s] Level 1:colcon.colcon_core.package_discovery:discover_packages(ignore) discover
[0.319s] Level 1:colcon.colcon_core.package_discovery:discover_packages(ignore) using defaults
[0.319s] Level 1:colcon.colcon_core.package_discovery:discover_packages(path) discover
[0.319s] Level 1:colcon.colcon_core.package_discovery:discover_packages(path) using defaults
[0.338s] Level 1:colcon.colcon_core.package_discovery:discover_packages(prefix_path) check parameters
[0.338s] Level 1:colcon.colcon_core.package_discovery:discover_packages(prefix_path) discover
[0.340s] DEBUG:colcon.colcon_installed_package_information.package_discovery:Found 2 installed packages in /home/pranav/project_robot_ws/install
[0.341s] DEBUG:colcon.colcon_installed_package_information.package_discovery:Found 3 installed packages in /home/pranav/ws/install
[0.341s] DEBUG:colcon.colcon_installed_package_information.package_discovery:Found 1 installed packages in /home/pranav/ws/src/my_robot_interfaces/install
[0.342s] DEBUG:colcon.colcon_installed_package_information.package_discovery:Found 1 installed packages in /home/pranav/learning_ws/install
[0.343s] DEBUG:colcon.colcon_installed_package_information.package_discovery:Found 317 installed packages in /opt/ros/humble
[0.345s] Level 1:colcon.colcon_core.package_discovery:discover_packages(prefix_path) using defaults
[0.403s] Level 5:colcon.colcon_core.verb:set package 'my_robot_bringup' build argument 'cmake_args' from command line to 'None'
[0.403s] Level 5:colcon.colcon_core.verb:set package 'my_robot_bringup' build argument 'cmake_target' from command line to 'None'
[0.403s] Level 5:colcon.colcon_core.verb:set package 'my_robot_bringup' build argument 'cmake_target_skip_unavailable' from command line to 'False'
[0.403s] Level 5:colcon.colcon_core.verb:set package 'my_robot_bringup' build argument 'cmake_clean_cache' from command line to 'False'
[0.403s] Level 5:colcon.colcon_core.verb:set package 'my_robot_bringup' build argument 'cmake_clean_first' from command line to 'False'
[0.403s] Level 5:colcon.colcon_core.verb:set package 'my_robot_bringup' build argument 'cmake_force_configure' from command line to 'False'
[0.403s] Level 5:colcon.colcon_core.verb:set package 'my_robot_bringup' build argument 'ament_cmake_args' from command line to 'None'
[0.403s] Level 5:colcon.colcon_core.verb:set package 'my_robot_bringup' build argument 'catkin_cmake_args' from command line to 'None'
[0.403s] Level 5:colcon.colcon_core.verb:set package 'my_robot_bringup' build argument 'catkin_skip_building_tests' from command line to 'False'
[0.403s] DEBUG:colcon.colcon_core.verb:Building package 'my_robot_bringup' with the following arguments: {'ament_cmake_args': None, 'build_base': '/home/pranav/project_robot_ws/build/my_robot_bringup', 'catkin_cmake_args': None, 'catkin_skip_building_tests': False, 'cmake_args': None, 'cmake_clean_cache': False, 'cmake_clean_first': False, 'cmake_force_configure': False, 'cmake_target': None, 'cmake_target_skip_unavailable': False, 'install_base': '/home/pranav/project_robot_ws/install/my_robot_bringup', 'merge_install': False, 'path': '/home/pranav/project_robot_ws/src/my_robot_bringup', 'symlink_install': False, 'test_result_base': None}
[0.403s] Level 5:colcon.colcon_core.verb:set package 'project_robot_description' build argument 'cmake_args' from command line to 'None'
[0.403s] Level 5:colcon.colcon_core.verb:set package 'project_robot_description' build argument 'cmake_target' from command line to 'None'
[0.403s] Level 5:colcon.colcon_core.verb:set package 'project_robot_description' build argument 'cmake_target_skip_unavailable' from command line to 'False'
[0.403s] Level 5:colcon.colcon_core.verb:set package 'project_robot_description' build argument 'cmake_clean_cache' from command line to 'False'
[0.403s] Level 5:colcon.colcon_core.verb:set package 'project_robot_description' build argument 'cmake_clean_first' from command line to 'False'
[0.403s] Level 5:colcon.colcon_core.verb:set package 'project_robot_description' build argument 'cmake_force_configure' from command line to 'False'
[0.403s] Level 5:colcon.colcon_core.verb:set package 'project_robot_description' build argument 'ament_cmake_args' from command line to 'None'
[0.403s] Level 5:colcon.colcon_core.verb:set package 'project_robot_description' build argument 'catkin_cmake_args' from command line to 'None'
[0.403s] Level 5:colcon.colcon_core.verb:set package 'project_robot_description' build argument 'catkin_skip_building_tests' from command line to 'False'
[0.403s] DEBUG:colcon.colcon_core.verb:Building package 'project_robot_description' with the following arguments: {'ament_cmake_args': None, 'build_base': '/home/pranav/project_robot_ws/build/project_robot_description', 'catkin_cmake_args': None, 'catkin_skip_building_tests': False, 'cmake_args': None, 'cmake_clean_cache': False, 'cmake_clean_first': False, 'cmake_force_configure': False, 'cmake_target': None, 'cmake_target_skip_unavailable': False, 'install_base': '/home/pranav/project_robot_ws/install/project_robot_description', 'merge_install': False, 'path': '/home/pranav/project_robot_ws/src/project_robot_description', 'symlink_install': False, 'test_result_base': None}
[0.404s] INFO:colcon.colcon_core.executor:Executing jobs using 'parallel' executor
[0.405s] DEBUG:colcon.colcon_parallel_executor.executor.parallel:run_until_complete
[0.405s] INFO:colcon.colcon_ros.task.ament_cmake.build:Building ROS package in '/home/pranav/project_robot_ws/src/my_robot_bringup' with build type 'ament_cmake'
[0.405s] INFO:colcon.colcon_cmake.task.cmake.build:Building CMake package in '/home/pranav/project_robot_ws/src/my_robot_bringup'
[0.408s] INFO:colcon.colcon_core.plugin_system:Skipping extension 'colcon_core.shell.bat': Not used on non-Windows systems
[0.408s] INFO:colcon.colcon_core.shell:Skip shell extension 'powershell' for command environment: Not usable outside of PowerShell
[0.408s] DEBUG:colcon.colcon_core.shell:Skip shell extension 'dsv' for command environment
[0.414s] INFO:colcon.colcon_ros.task.ament_cmake.build:Building ROS package in '/home/pranav/project_robot_ws/src/project_robot_description' with build type 'ament_cmake'
[0.414s] INFO:colcon.colcon_cmake.task.cmake.build:Building CMake package in '/home/pranav/project_robot_ws/src/project_robot_description'
[0.414s] INFO:colcon.colcon_core.shell:Skip shell extension 'powershell' for command environment: Not usable outside of PowerShell
[0.414s] DEBUG:colcon.colcon_core.shell:Skip shell extension 'dsv' for command environment
[0.428s] DEBUG:colcon.colcon_core.event_handler.log_command:Invoking command in '/home/pranav/project_robot_ws/build/my_robot_bringup': CMAKE_PREFIX_PATH=${CMAKE_PREFIX_PATH}:/home/pranav/ws/install/mypkg:/home/pranav/learning_ws/install/mypkg:/opt/ros/humble /usr/bin/cmake --build /home/pranav/project_robot_ws/build/my_robot_bringup -- -j4 -l4
[0.437s] DEBUG:colcon.colcon_core.event_handler.log_command:Invoking command in '/home/pranav/project_robot_ws/build/project_robot_description': CMAKE_PREFIX_PATH=${CMAKE_PREFIX_PATH}:/home/pranav/ws/install/mypkg:/home/pranav/learning_ws/install/mypkg:/opt/ros/humble /usr/bin/cmake --build /home/pranav/project_robot_ws/build/project_robot_description -- -j4 -l4
[0.513s] DEBUG:colcon.colcon_core.event_handler.log_command:Invoked command in '/home/pranav/project_robot_ws/build/project_robot_description' returned '0': CMAKE_PREFIX_PATH=${CMAKE_PREFIX_PATH}:/home/pranav/ws/install/mypkg:/home/pranav/learning_ws/install/mypkg:/opt/ros/humble /usr/bin/cmake --build /home/pranav/project_robot_ws/build/project_robot_description -- -j4 -l4
[0.518s] DEBUG:colcon.colcon_core.event_handler.log_command:Invoked command in '/home/pranav/project_robot_ws/build/my_robot_bringup' returned '0': CMAKE_PREFIX_PATH=${CMAKE_PREFIX_PATH}:/home/pranav/ws/install/mypkg:/home/pranav/learning_ws/install/mypkg:/opt/ros/humble /usr/bin/cmake --build /home/pranav/project_robot_ws/build/my_robot_bringup -- -j4 -l4
[0.574s] DEBUG:colcon.colcon_core.event_handler.log_command:Invoking command in '/home/pranav/project_robot_ws/build/my_robot_bringup': CMAKE_PREFIX_PATH=${CMAKE_PREFIX_PATH}:/home/pranav/ws/install/mypkg:/home/pranav/learning_ws/install/mypkg:/opt/ros/humble /usr/bin/cmake --install /home/pranav/project_robot_ws/build/my_robot_bringup
[0.576s] DEBUG:colcon.colcon_core.event_handler.log_command:Invoking command in '/home/pranav/project_robot_ws/build/project_robot_description': CMAKE_PREFIX_PATH=${CMAKE_PREFIX_PATH}:/home/pranav/ws/install/mypkg:/home/pranav/learning_ws/install/mypkg:/opt/ros/humble /usr/bin/cmake --install /home/pranav/project_robot_ws/build/project_robot_description
[0.613s] Level 1:colcon.colcon_core.environment:create_environment_scripts_only(project_robot_description)
[0.615s] DEBUG:colcon.colcon_core.event_handler.log_command:Invoked command in '/home/pranav/project_robot_ws/build/project_robot_description' returned '0': CMAKE_PREFIX_PATH=${CMAKE_PREFIX_PATH}:/home/pranav/ws/install/mypkg:/home/pranav/learning_ws/install/mypkg:/opt/ros/humble /usr/bin/cmake --install /home/pranav/project_robot_ws/build/project_robot_description
[0.617s] Level 1:colcon.colcon_core.environment:checking '/home/pranav/project_robot_ws/install/project_robot_description' for CMake module files
[0.618s] Level 1:colcon.colcon_core.environment:checking '/home/pranav/project_robot_ws/install/project_robot_description' for CMake config files
[0.618s] Level 1:colcon.colcon_core.shell:create_environment_hook('project_robot_description', 'cmake_prefix_path')
[0.619s] INFO:colcon.colcon_core.shell:Creating environment hook '/home/pranav/project_robot_ws/install/project_robot_description/share/project_robot_description/hook/cmake_prefix_path.ps1'
[0.620s] INFO:colcon.colcon_core.shell:Creating environment descriptor '/home/pranav/project_robot_ws/install/project_robot_description/share/project_robot_description/hook/cmake_prefix_path.dsv'
[0.620s] INFO:colcon.colcon_core.shell:Creating environment hook '/home/pranav/project_robot_ws/install/project_robot_description/share/project_robot_description/hook/cmake_prefix_path.sh'
[0.621s] Level 1:colcon.colcon_core.environment:checking '/home/pranav/project_robot_ws/install/project_robot_description/bin'
[0.621s] Level 1:colcon.colcon_core.environment:checking '/home/pranav/project_robot_ws/install/project_robot_description/lib/pkgconfig/project_robot_description.pc'
[0.622s] Level 1:colcon.colcon_core.environment:checking '/home/pranav/project_robot_ws/install/project_robot_description/lib/python3.10/site-packages'
[0.622s] Level 1:colcon.colcon_core.environment:checking '/home/pranav/project_robot_ws/install/project_robot_description/bin'
[0.622s] INFO:colcon.colcon_core.shell:Creating package script '/home/pranav/project_robot_ws/install/project_robot_description/share/project_robot_description/package.ps1'
[0.623s] INFO:colcon.colcon_core.shell:Creating package descriptor '/home/pranav/project_robot_ws/install/project_robot_description/share/project_robot_description/package.dsv'
[0.624s] INFO:colcon.colcon_core.shell:Creating package script '/home/pranav/project_robot_ws/install/project_robot_description/share/project_robot_description/package.sh'
[0.625s] INFO:colcon.colcon_core.shell:Creating package script '/home/pranav/project_robot_ws/install/project_robot_description/share/project_robot_description/package.bash'
[0.625s] INFO:colcon.colcon_core.shell:Creating package script '/home/pranav/project_robot_ws/install/project_robot_description/share/project_robot_description/package.zsh'
[0.626s] Level 1:colcon.colcon_core.environment:create_file_with_runtime_dependencies(/home/pranav/project_robot_ws/install/project_robot_description/share/colcon-core/packages/project_robot_description)
[0.629s] Level 1:colcon.colcon_core.environment:create_environment_scripts_only(my_robot_bringup)
[0.629s] Level 1:colcon.colcon_core.environment:checking '/home/pranav/project_robot_ws/install/my_robot_bringup' for CMake module files
[0.630s] DEBUG:colcon.colcon_core.event_handler.log_command:Invoked command in '/home/pranav/project_robot_ws/build/my_robot_bringup' returned '0': CMAKE_PREFIX_PATH=${CMAKE_PREFIX_PATH}:/home/pranav/ws/install/mypkg:/home/pranav/learning_ws/install/mypkg:/opt/ros/humble /usr/bin/cmake --install /home/pranav/project_robot_ws/build/my_robot_bringup
[0.631s] Level 1:colcon.colcon_core.environment:checking '/home/pranav/project_robot_ws/install/my_robot_bringup' for CMake config files
[0.631s] Level 1:colcon.colcon_core.shell:create_environment_hook('my_robot_bringup', 'cmake_prefix_path')
[0.632s] INFO:colcon.colcon_core.shell:Creating environment hook '/home/pranav/project_robot_ws/install/my_robot_bringup/share/my_robot_bringup/hook/cmake_prefix_path.ps1'
[0.632s] INFO:colcon.colcon_core.shell:Creating environment descriptor '/home/pranav/project_robot_ws/install/my_robot_bringup/share/my_robot_bringup/hook/cmake_prefix_path.dsv'
[0.633s] INFO:colcon.colcon_core.shell:Creating environment hook '/home/pranav/project_robot_ws/install/my_robot_bringup/share/my_robot_bringup/hook/cmake_prefix_path.sh'
[0.634s] Level 1:colcon.colcon_core.environment:checking '/home/pranav/project_robot_ws/install/my_robot_bringup/bin'
[0.634s] Level 1:colcon.colcon_core.environment:checking '/home/pranav/project_robot_ws/install/my_robot_bringup/lib/pkgconfig/my_robot_bringup.pc'
[0.634s] Level 1:colcon.colcon_core.environment:checking '/home/pranav/project_robot_ws/install/my_robot_bringup/lib/python3.10/site-packages'
[0.634s] Level 1:colcon.colcon_core.environment:checking '/home/pranav/project_robot_ws/install/my_robot_bringup/bin'
[0.635s] INFO:colcon.colcon_core.shell:Creating package script '/home/pranav/project_robot_ws/install/my_robot_bringup/share/my_robot_bringup/package.ps1'
[0.635s] INFO:colcon.colcon_core.shell:Creating package descriptor '/home/pranav/project_robot_ws/install/my_robot_bringup/share/my_robot_bringup/package.dsv'
[0.636s] INFO:colcon.colcon_core.shell:Creating package script '/home/pranav/project_robot_ws/install/my_robot_bringup/share/my_robot_bringup/package.sh'
[0.636s] INFO:colcon.colcon_core.shell:Creating package script '/home/pranav/project_robot_ws/install/my_robot_bringup/share/my_robot_bringup/package.bash'
[0.637s] INFO:colcon.colcon_core.shell:Creating package script '/home/pranav/project_robot_ws/install/my_robot_bringup/share/my_robot_bringup/package.zsh'
[0.638s] Level 1:colcon.colcon_core.environment:create_file_with_runtime_dependencies(/home/pranav/project_robot_ws/install/my_robot_bringup/share/colcon-core/packages/my_robot_bringup)
[0.671s] Level 1:colcon.colcon_core.environment:create_environment_scripts_only(project_robot_description)
[0.672s] Level 1:colcon.colcon_core.environment:checking '/home/pranav/project_robot_ws/install/project_robot_description' for CMake module files
[0.672s] Level 1:colcon.colcon_core.environment:checking '/home/pranav/project_robot_ws/install/project_robot_description' for CMake config files
[0.672s] Level 1:colcon.colcon_core.shell:create_environment_hook('project_robot_description', 'cmake_prefix_path')
[0.673s] INFO:colcon.colcon_core.shell:Creating environment hook '/home/pranav/project_robot_ws/install/project_robot_description/share/project_robot_description/hook/cmake_prefix_path.ps1'
[0.674s] INFO:colcon.colcon_core.shell:Creating environment descriptor '/home/pranav/project_robot_ws/install/project_robot_description/share/project_robot_description/hook/cmake_prefix_path.dsv'
[0.674s] INFO:colcon.colcon_core.shell:Creating environment hook '/home/pranav/project_robot_ws/install/project_robot_description/share/project_robot_description/hook/cmake_prefix_path.sh'
[0.675s] Level 1:colcon.colcon_core.environment:checking '/home/pranav/project_robot_ws/install/project_robot_description/bin'
[0.675s] Level 1:colcon.colcon_core.environment:checking '/home/pranav/project_robot_ws/install/project_robot_description/lib/pkgconfig/project_robot_description.pc'
[0.675s] Level 1:colcon.colcon_core.environment:checking '/home/pranav/project_robot_ws/install/project_robot_description/lib/python3.10/site-packages'
[0.676s] Level 1:colcon.colcon_core.environment:checking '/home/pranav/project_robot_ws/install/project_robot_description/bin'
[0.676s] INFO:colcon.colcon_core.shell:Creating package script '/home/pranav/project_robot_ws/install/project_robot_description/share/project_robot_description/package.ps1'
[0.676s] INFO:colcon.colcon_core.shell:Creating package descriptor '/home/pranav/project_robot_ws/install/project_robot_description/share/project_robot_description/package.dsv'
[0.677s] INFO:colcon.colcon_core.shell:Creating package script '/home/pranav/project_robot_ws/install/project_robot_description/share/project_robot_description/package.sh'
[0.678s] INFO:colcon.colcon_core.shell:Creating package script '/home/pranav/project_robot_ws/install/project_robot_description/share/project_robot_description/package.bash'
[0.678s] INFO:colcon.colcon_core.shell:Creating package script '/home/pranav/project_robot_ws/install/project_robot_description/share/project_robot_description/package.zsh'
[0.679s] Level 1:colcon.colcon_core.environment:create_file_with_runtime_dependencies(/home/pranav/project_robot_ws/install/project_robot_description/share/colcon-core/packages/project_robot_description)
[0.684s] Level 1:colcon.colcon_core.environment:create_environment_scripts_only(my_robot_bringup)
[0.684s] Level 1:colcon.colcon_core.environment:checking '/home/pranav/project_robot_ws/install/my_robot_bringup' for CMake module files
[0.685s] Level 1:colcon.colcon_core.environment:checking '/home/pranav/project_robot_ws/install/my_robot_bringup' for CMake config files
[0.685s] Level 1:colcon.colcon_core.shell:create_environment_hook('my_robot_bringup', 'cmake_prefix_path')
[0.685s] INFO:colcon.colcon_core.shell:Creating environment hook '/home/pranav/project_robot_ws/install/my_robot_bringup/share/my_robot_bringup/hook/cmake_prefix_path.ps1'
[0.686s] INFO:colcon.colcon_core.shell:Creating environment descriptor '/home/pranav/project_robot_ws/install/my_robot_bringup/share/my_robot_bringup/hook/cmake_prefix_path.dsv'
[0.686s] INFO:colcon.colcon_core.shell:Creating environment hook '/home/pranav/project_robot_ws/install/my_robot_bringup/share/my_robot_bringup/hook/cmake_prefix_path.sh'
[0.687s] Level 1:colcon.colcon_core.environment:checking '/home/pranav/project_robot_ws/install/my_robot_bringup/bin'
[0.687s] Level 1:colcon.colcon_core.environment:checking '/home/pranav/project_robot_ws/install/my_robot_bringup/lib/pkgconfig/my_robot_bringup.pc'
[0.687s] Level 1:colcon.colcon_core.environment:checking '/home/pranav/project_robot_ws/install/my_robot_bringup/lib/python3.10/site-packages'
[0.688s] Level 1:colcon.colcon_core.environment:checking '/home/pranav/project_robot_ws/install/my_robot_bringup/bin'
[0.688s] INFO:colcon.colcon_core.shell:Creating package script '/home/pranav/project_robot_ws/install/my_robot_bringup/share/my_robot_bringup/package.ps1'
[0.688s] INFO:colcon.colcon_core.shell:Creating package descriptor '/home/pranav/project_robot_ws/install/my_robot_bringup/share/my_robot_bringup/package.dsv'
[0.689s] INFO:colcon.colcon_core.shell:Creating package script '/home/pranav/project_robot_ws/install/my_robot_bringup/share/my_robot_bringup/package.sh'
[0.689s] INFO:colcon.colcon_core.shell:Creating package script '/home/pranav/project_robot_ws/install/my_robot_bringup/share/my_robot_bringup/package.bash'
[0.690s] INFO:colcon.colcon_core.shell:Creating package script '/home/pranav/project_robot_ws/install/my_robot_bringup/share/my_robot_bringup/package.zsh'
[0.690s] Level 1:colcon.colcon_core.environment:create_file_with_runtime_dependencies(/home/pranav/project_robot_ws/install/my_robot_bringup/share/colcon-core/packages/my_robot_bringup)
[0.691s] DEBUG:colcon.colcon_parallel_executor.executor.parallel:closing loop
[0.692s] DEBUG:colcon.colcon_parallel_executor.executor.parallel:loop closed
[0.693s] DEBUG:colcon.colcon_parallel_executor.executor.parallel:run_until_complete finished with '0'
[0.693s] DEBUG:colcon.colcon_core.event_reactor:joining thread
[0.699s] INFO:colcon.colcon_core.plugin_system:Skipping extension 'colcon_notification.desktop_notification.terminal_notifier': Not used on non-Darwin systems
[0.699s] INFO:colcon.colcon_core.plugin_system:Skipping extension 'colcon_notification.desktop_notification.win32': Not used on non-Windows systems
[0.699s] INFO:colcon.colcon_notification.desktop_notification:Sending desktop notification using 'notify2'
[0.718s] DEBUG:colcon.colcon_core.event_reactor:joined thread
[0.718s] INFO:colcon.colcon_core.shell:Creating prefix script '/home/pranav/project_robot_ws/install/local_setup.ps1'
[0.720s] INFO:colcon.colcon_core.shell:Creating prefix util module '/home/pranav/project_robot_ws/install/_local_setup_util_ps1.py'
[0.722s] INFO:colcon.colcon_core.shell:Creating prefix chain script '/home/pranav/project_robot_ws/install/setup.ps1'
[0.724s] INFO:colcon.colcon_core.shell:Creating prefix script '/home/pranav/project_robot_ws/install/local_setup.sh'
[0.725s] INFO:colcon.colcon_core.shell:Creating prefix util module '/home/pranav/project_robot_ws/install/_local_setup_util_sh.py'
[0.725s] INFO:colcon.colcon_core.shell:Creating prefix chain script '/home/pranav/project_robot_ws/install/setup.sh'
[0.727s] INFO:colcon.colcon_core.shell:Creating prefix script '/home/pranav/project_robot_ws/install/local_setup.bash'
[0.728s] INFO:colcon.colcon_core.shell:Creating prefix chain script '/home/pranav/project_robot_ws/install/setup.bash'
[0.730s] INFO:colcon.colcon_core.shell:Creating prefix script '/home/pranav/project_robot_ws/install/local_setup.zsh'
[0.731s] INFO:colcon.colcon_core.shell:Creating prefix chain script '/home/pranav/project_robot_ws/install/setup.zsh'
