[0.025s] Invoking command in '/home/pranav/project_robot_ws/build/project_robot_description': CMAKE_PREFIX_PATH=${CMAKE_PREFIX_PATH}:/home/pranav/ws/install/mypkg:/home/pranav/learning_ws/install/mypkg:/opt/ros/humble /usr/bin/cmake /home/pranav/project_robot_ws/src/project_robot_description -DCMAKE_INSTALL_PREFIX=/home/pranav/project_robot_ws/install/project_robot_description
[0.242s] -- The C compiler identification is GNU 11.4.0
[0.398s] -- The CXX compiler identification is GNU 11.4.0
[0.422s] -- Detecting C compiler ABI info
[0.516s] -- Detecting C compiler ABI info - done
[0.522s] -- Check for working C compiler: /usr/bin/cc - skipped
[0.523s] -- Detecting C compile features
[0.524s] -- Detecting C compile features - done
[0.530s] -- Detecting CXX compiler ABI info
[0.624s] -- Detecting CXX compiler ABI info - done
[0.631s] -- Check for working CXX compiler: /usr/bin/c++ - skipped
[0.631s] -- Detecting CXX compile features
[0.632s] -- Detecting CXX compile features - done
[0.643s] -- Found ament_cmake: 1.3.9 (/opt/ros/humble/share/ament_cmake/cmake)
[0.819s] -- Found Python3: /usr/bin/python3 (found version "3.10.12") found components: Interpreter 
[0.977s] -- Found ament_lint_auto: 0.12.11 (/opt/ros/humble/share/ament_lint_auto/cmake)
[1.080s] -- Added test 'lint_cmake' to check CMake code style
[1.083s] -- Added test 'xmllint' to check XML markup files
[1.086s] -- Configuring done
[1.089s] -- Generating done
[1.090s] -- Build files have been written to: /home/pranav/project_robot_ws/build/project_robot_description
[1.095s] Invoked command in '/home/pranav/project_robot_ws/build/project_robot_description' returned '0': CMAKE_PREFIX_PATH=${CMAKE_PREFIX_PATH}:/home/pranav/ws/install/mypkg:/home/pranav/learning_ws/install/mypkg:/opt/ros/humble /usr/bin/cmake /home/pranav/project_robot_ws/src/project_robot_description -DCMAKE_INSTALL_PREFIX=/home/pranav/project_robot_ws/install/project_robot_description
[1.098s] Invoking command in '/home/pranav/project_robot_ws/build/project_robot_description': CMAKE_PREFIX_PATH=${CMAKE_PREFIX_PATH}:/home/pranav/ws/install/mypkg:/home/pranav/learning_ws/install/mypkg:/opt/ros/humble /usr/bin/cmake --build /home/pranav/project_robot_ws/build/project_robot_description -- -j4 -l4
[1.145s] Invoked command in '/home/pranav/project_robot_ws/build/project_robot_description' returned '0': CMAKE_PREFIX_PATH=${CMAKE_PREFIX_PATH}:/home/pranav/ws/install/mypkg:/home/pranav/learning_ws/install/mypkg:/opt/ros/humble /usr/bin/cmake --build /home/pranav/project_robot_ws/build/project_robot_description -- -j4 -l4
[1.187s] Invoking command in '/home/pranav/project_robot_ws/build/project_robot_description': CMAKE_PREFIX_PATH=${CMAKE_PREFIX_PATH}:/home/pranav/ws/install/mypkg:/home/pranav/learning_ws/install/mypkg:/opt/ros/humble /usr/bin/cmake --install /home/pranav/project_robot_ws/build/project_robot_description
[1.197s] -- Install configuration: ""
[1.198s] -- Installing: /home/pranav/project_robot_ws/install/project_robot_description/share/ament_index/resource_index/package_run_dependencies/project_robot_description
[1.198s] -- Installing: /home/pranav/project_robot_ws/install/project_robot_description/share/ament_index/resource_index/parent_prefix_path/project_robot_description
[1.198s] -- Installing: /home/pranav/project_robot_ws/install/project_robot_description/share/project_robot_description/environment/ament_prefix_path.sh
[1.199s] -- Installing: /home/pranav/project_robot_ws/install/project_robot_description/share/project_robot_description/environment/ament_prefix_path.dsv
[1.199s] -- Installing: /home/pranav/project_robot_ws/install/project_robot_description/share/project_robot_description/environment/path.sh
[1.199s] -- Installing: /home/pranav/project_robot_ws/install/project_robot_description/share/project_robot_description/environment/path.dsv
[1.200s] -- Installing: /home/pranav/project_robot_ws/install/project_robot_description/share/project_robot_description/local_setup.bash
[1.200s] -- Installing: /home/pranav/project_robot_ws/install/project_robot_description/share/project_robot_description/local_setup.sh
[1.200s] -- Installing: /home/pranav/project_robot_ws/install/project_robot_description/share/project_robot_description/local_setup.zsh
[1.201s] -- Installing: /home/pranav/project_robot_ws/install/project_robot_description/share/project_robot_description/local_setup.dsv
[1.201s] -- Installing: /home/pranav/project_robot_ws/install/project_robot_description/share/project_robot_description/package.dsv
[1.201s] -- Installing: /home/pranav/project_robot_ws/install/project_robot_description/share/ament_index/resource_index/packages/project_robot_description
[1.202s] -- Installing: /home/pranav/project_robot_ws/install/project_robot_description/share/project_robot_description/cmake/project_robot_descriptionConfig.cmake
[1.202s] -- Installing: /home/pranav/project_robot_ws/install/project_robot_description/share/project_robot_description/cmake/project_robot_descriptionConfig-version.cmake
[1.202s] -- Installing: /home/pranav/project_robot_ws/install/project_robot_description/share/project_robot_description/package.xml
[1.206s] Invoked command in '/home/pranav/project_robot_ws/build/project_robot_description' returned '0': CMAKE_PREFIX_PATH=${CMAKE_PREFIX_PATH}:/home/pranav/ws/install/mypkg:/home/pranav/learning_ws/install/mypkg:/opt/ros/humble /usr/bin/cmake --install /home/pranav/project_robot_ws/build/project_robot_description
