[0.096s] DEBUG:colcon:Command line arguments: ['/usr/bin/colcon', 'build', '--symlink-install']
[0.096s] DEBUG:colcon:Parsed command line arguments: Namespace(log_base=None, log_level=None, verb_name='build', build_base='build', install_base='install', merge_install=False, symlink_install=True, test_result_base=None, continue_on_error=False, executor='parallel', parallel_workers=4, event_handlers=None, ignore_user_meta=False, metas=['./colcon.meta'], base_paths=['.'], packages_ignore=None, packages_ignore_regex=None, paths=None, packages_up_to=None, packages_up_to_regex=None, packages_above=None, packages_above_and_dependencies=None, packages_above_depth=None, packages_select_by_dep=None, packages_skip_by_dep=None, packages_skip_up_to=None, packages_select_build_failed=False, packages_skip_build_finished=False, packages_select_test_failures=False, packages_skip_test_passed=False, packages_select=None, packages_skip=None, packages_select_regex=None, packages_skip_regex=None, packages_start=None, packages_end=None, allow_overriding=[], cmake_args=None, cmake_target=None, cmake_target_skip_unavailable=False, cmake_clean_cache=False, cmake_clean_first=False, cmake_force_configure=False, ament_cmake_args=None, catkin_cmake_args=None, catkin_skip_building_tests=False, mixin_files=None, mixin=None, verb_parser=<colcon_mixin.mixin.mixin_argument.MixinArgumentDecorator object at 0x7c8998b12170>, verb_extension=<colcon_core.verb.build.BuildVerb object at 0x7c8998b112d0>, main=<bound method BuildVerb.main of <colcon_core.verb.build.BuildVerb object at 0x7c8998b112d0>>, mixin_verb=('build',))
[0.245s] Level 1:colcon.colcon_core.package_discovery:discover_packages(colcon_meta) check parameters
[0.245s] Level 1:colcon.colcon_core.package_discovery:discover_packages(recursive) check parameters
[0.245s] Level 1:colcon.colcon_core.package_discovery:discover_packages(ignore) check parameters
[0.245s] Level 1:colcon.colcon_core.package_discovery:discover_packages(path) check parameters
[0.245s] Level 1:colcon.colcon_core.package_discovery:discover_packages(colcon_meta) discover
[0.245s] Level 1:colcon.colcon_core.package_discovery:discover_packages(recursive) discover
[0.246s] INFO:colcon.colcon_core.package_discovery:Crawling recursively for packages in '/home/pranav/project_robot_ws'
[0.246s] Level 1:colcon.colcon_core.package_identification:_identify(.) by extensions ['ignore', 'ignore_ament_install']
[0.246s] Level 1:colcon.colcon_core.package_identification:_identify(.) by extension 'ignore'
[0.246s] Level 1:colcon.colcon_core.package_identification:_identify(.) by extension 'ignore_ament_install'
[0.246s] Level 1:colcon.colcon_core.package_identification:_identify(.) by extensions ['colcon_pkg']
[0.246s] Level 1:colcon.colcon_core.package_identification:_identify(.) by extension 'colcon_pkg'
[0.246s] Level 1:colcon.colcon_core.package_identification:_identify(.) by extensions ['colcon_meta']
[0.246s] Level 1:colcon.colcon_core.package_identification:_identify(.) by extension 'colcon_meta'
[0.246s] Level 1:colcon.colcon_core.package_identification:_identify(.) by extensions ['ros']
[0.246s] Level 1:colcon.colcon_core.package_identification:_identify(.) by extension 'ros'
[0.255s] Level 1:colcon.colcon_core.package_identification:_identify(.) by extensions ['cmake', 'python']
[0.255s] Level 1:colcon.colcon_core.package_identification:_identify(.) by extension 'cmake'
[0.255s] Level 1:colcon.colcon_core.package_identification:_identify(.) by extension 'python'
[0.255s] Level 1:colcon.colcon_core.package_identification:_identify(.) by extensions ['python_setup_py']
[0.255s] Level 1:colcon.colcon_core.package_identification:_identify(.) by extension 'python_setup_py'
[0.255s] Level 1:colcon.colcon_core.package_identification:_identify(build) by extensions ['ignore', 'ignore_ament_install']
[0.255s] Level 1:colcon.colcon_core.package_identification:_identify(build) by extension 'ignore'
[0.255s] Level 1:colcon.colcon_core.package_identification:_identify(build) ignored
[0.255s] Level 1:colcon.colcon_core.package_identification:_identify(install) by extensions ['ignore', 'ignore_ament_install']
[0.255s] Level 1:colcon.colcon_core.package_identification:_identify(install) by extension 'ignore'
[0.255s] Level 1:colcon.colcon_core.package_identification:_identify(install) ignored
[0.255s] Level 1:colcon.colcon_core.package_identification:_identify(log) by extensions ['ignore', 'ignore_ament_install']
[0.256s] Level 1:colcon.colcon_core.package_identification:_identify(log) by extension 'ignore'
[0.256s] Level 1:colcon.colcon_core.package_identification:_identify(log) ignored
[0.256s] Level 1:colcon.colcon_core.package_identification:_identify(src) by extensions ['ignore', 'ignore_ament_install']
[0.256s] Level 1:colcon.colcon_core.package_identification:_identify(src) by extension 'ignore'
[0.256s] Level 1:colcon.colcon_core.package_identification:_identify(src) by extension 'ignore_ament_install'
[0.256s] Level 1:colcon.colcon_core.package_identification:_identify(src) by extensions ['colcon_pkg']
[0.256s] Level 1:colcon.colcon_core.package_identification:_identify(src) by extension 'colcon_pkg'
[0.256s] Level 1:colcon.colcon_core.package_identification:_identify(src) by extensions ['colcon_meta']
[0.256s] Level 1:colcon.colcon_core.package_identification:_identify(src) by extension 'colcon_meta'
[0.256s] Level 1:colcon.colcon_core.package_identification:_identify(src) by extensions ['ros']
[0.256s] Level 1:colcon.colcon_core.package_identification:_identify(src) by extension 'ros'
[0.256s] Level 1:colcon.colcon_core.package_identification:_identify(src) by extensions ['cmake', 'python']
[0.256s] Level 1:colcon.colcon_core.package_identification:_identify(src) by extension 'cmake'
[0.256s] Level 1:colcon.colcon_core.package_identification:_identify(src) by extension 'python'
[0.256s] Level 1:colcon.colcon_core.package_identification:_identify(src) by extensions ['python_setup_py']
[0.256s] Level 1:colcon.colcon_core.package_identification:_identify(src) by extension 'python_setup_py'
[0.256s] Level 1:colcon.colcon_core.package_identification:_identify(src/my_robot_bringup) by extensions ['ignore', 'ignore_ament_install']
[0.256s] Level 1:colcon.colcon_core.package_identification:_identify(src/my_robot_bringup) by extension 'ignore'
[0.256s] Level 1:colcon.colcon_core.package_identification:_identify(src/my_robot_bringup) by extension 'ignore_ament_install'
[0.256s] Level 1:colcon.colcon_core.package_identification:_identify(src/my_robot_bringup) by extensions ['colcon_pkg']
[0.256s] Level 1:colcon.colcon_core.package_identification:_identify(src/my_robot_bringup) by extension 'colcon_pkg'
[0.256s] Level 1:colcon.colcon_core.package_identification:_identify(src/my_robot_bringup) by extensions ['colcon_meta']
[0.256s] Level 1:colcon.colcon_core.package_identification:_identify(src/my_robot_bringup) by extension 'colcon_meta'
[0.256s] Level 1:colcon.colcon_core.package_identification:_identify(src/my_robot_bringup) by extensions ['ros']
[0.256s] Level 1:colcon.colcon_core.package_identification:_identify(src/my_robot_bringup) by extension 'ros'
[0.258s] DEBUG:colcon.colcon_core.package_identification:Package 'src/my_robot_bringup' with type 'ros.ament_cmake' and name 'my_robot_bringup'
[0.258s] Level 1:colcon.colcon_core.package_identification:_identify(src/project_robot_description) by extensions ['ignore', 'ignore_ament_install']
[0.258s] Level 1:colcon.colcon_core.package_identification:_identify(src/project_robot_description) by extension 'ignore'
[0.259s] Level 1:colcon.colcon_core.package_identification:_identify(src/project_robot_description) by extension 'ignore_ament_install'
[0.259s] Level 1:colcon.colcon_core.package_identification:_identify(src/project_robot_description) by extensions ['colcon_pkg']
[0.259s] Level 1:colcon.colcon_core.package_identification:_identify(src/project_robot_description) by extension 'colcon_pkg'
[0.259s] Level 1:colcon.colcon_core.package_identification:_identify(src/project_robot_description) by extensions ['colcon_meta']
[0.259s] Level 1:colcon.colcon_core.package_identification:_identify(src/project_robot_description) by extension 'colcon_meta'
[0.259s] Level 1:colcon.colcon_core.package_identification:_identify(src/project_robot_description) by extensions ['ros']
[0.259s] Level 1:colcon.colcon_core.package_identification:_identify(src/project_robot_description) by extension 'ros'
[0.259s] DEBUG:colcon.colcon_core.package_identification:Package 'src/project_robot_description' with type 'ros.ament_cmake' and name 'project_robot_description'
[0.259s] Level 1:colcon.colcon_core.package_discovery:discover_packages(recursive) using defaults
[0.259s] Level 1:colcon.colcon_core.package_discovery:discover_packages(ignore) discover
[0.259s] Level 1:colcon.colcon_core.package_discovery:discover_packages(ignore) using defaults
[0.259s] Level 1:colcon.colcon_core.package_discovery:discover_packages(path) discover
[0.259s] Level 1:colcon.colcon_core.package_discovery:discover_packages(path) using defaults
[0.276s] Level 1:colcon.colcon_core.package_discovery:discover_packages(prefix_path) check parameters
[0.277s] Level 1:colcon.colcon_core.package_discovery:discover_packages(prefix_path) discover
[0.278s] DEBUG:colcon.colcon_installed_package_information.package_discovery:Found 2 installed packages in /home/pranav/project_robot_ws/install
[0.278s] DEBUG:colcon.colcon_installed_package_information.package_discovery:Found 3 installed packages in /home/pranav/ws/install
[0.279s] DEBUG:colcon.colcon_installed_package_information.package_discovery:Found 1 installed packages in /home/pranav/ws/src/my_robot_interfaces/install
[0.279s] DEBUG:colcon.colcon_installed_package_information.package_discovery:Found 1 installed packages in /home/pranav/learning_ws/install
[0.281s] DEBUG:colcon.colcon_installed_package_information.package_discovery:Found 317 installed packages in /opt/ros/humble
[0.282s] Level 1:colcon.colcon_core.package_discovery:discover_packages(prefix_path) using defaults
[0.330s] Level 5:colcon.colcon_core.verb:set package 'my_robot_bringup' build argument 'cmake_args' from command line to 'None'
[0.330s] Level 5:colcon.colcon_core.verb:set package 'my_robot_bringup' build argument 'cmake_target' from command line to 'None'
[0.330s] Level 5:colcon.colcon_core.verb:set package 'my_robot_bringup' build argument 'cmake_target_skip_unavailable' from command line to 'False'
[0.330s] Level 5:colcon.colcon_core.verb:set package 'my_robot_bringup' build argument 'cmake_clean_cache' from command line to 'False'
[0.330s] Level 5:colcon.colcon_core.verb:set package 'my_robot_bringup' build argument 'cmake_clean_first' from command line to 'False'
[0.330s] Level 5:colcon.colcon_core.verb:set package 'my_robot_bringup' build argument 'cmake_force_configure' from command line to 'False'
[0.330s] Level 5:colcon.colcon_core.verb:set package 'my_robot_bringup' build argument 'ament_cmake_args' from command line to 'None'
[0.330s] Level 5:colcon.colcon_core.verb:set package 'my_robot_bringup' build argument 'catkin_cmake_args' from command line to 'None'
[0.330s] Level 5:colcon.colcon_core.verb:set package 'my_robot_bringup' build argument 'catkin_skip_building_tests' from command line to 'False'
[0.330s] DEBUG:colcon.colcon_core.verb:Building package 'my_robot_bringup' with the following arguments: {'ament_cmake_args': None, 'build_base': '/home/pranav/project_robot_ws/build/my_robot_bringup', 'catkin_cmake_args': None, 'catkin_skip_building_tests': False, 'cmake_args': None, 'cmake_clean_cache': False, 'cmake_clean_first': False, 'cmake_force_configure': False, 'cmake_target': None, 'cmake_target_skip_unavailable': False, 'install_base': '/home/pranav/project_robot_ws/install/my_robot_bringup', 'merge_install': False, 'path': '/home/pranav/project_robot_ws/src/my_robot_bringup', 'symlink_install': True, 'test_result_base': None}
[0.330s] Level 5:colcon.colcon_core.verb:set package 'project_robot_description' build argument 'cmake_args' from command line to 'None'
[0.330s] Level 5:colcon.colcon_core.verb:set package 'project_robot_description' build argument 'cmake_target' from command line to 'None'
[0.330s] Level 5:colcon.colcon_core.verb:set package 'project_robot_description' build argument 'cmake_target_skip_unavailable' from command line to 'False'
[0.330s] Level 5:colcon.colcon_core.verb:set package 'project_robot_description' build argument 'cmake_clean_cache' from command line to 'False'
[0.330s] Level 5:colcon.colcon_core.verb:set package 'project_robot_description' build argument 'cmake_clean_first' from command line to 'False'
[0.330s] Level 5:colcon.colcon_core.verb:set package 'project_robot_description' build argument 'cmake_force_configure' from command line to 'False'
[0.330s] Level 5:colcon.colcon_core.verb:set package 'project_robot_description' build argument 'ament_cmake_args' from command line to 'None'
[0.330s] Level 5:colcon.colcon_core.verb:set package 'project_robot_description' build argument 'catkin_cmake_args' from command line to 'None'
[0.330s] Level 5:colcon.colcon_core.verb:set package 'project_robot_description' build argument 'catkin_skip_building_tests' from command line to 'False'
[0.331s] DEBUG:colcon.colcon_core.verb:Building package 'project_robot_description' with the following arguments: {'ament_cmake_args': None, 'build_base': '/home/pranav/project_robot_ws/build/project_robot_description', 'catkin_cmake_args': None, 'catkin_skip_building_tests': False, 'cmake_args': None, 'cmake_clean_cache': False, 'cmake_clean_first': False, 'cmake_force_configure': False, 'cmake_target': None, 'cmake_target_skip_unavailable': False, 'install_base': '/home/pranav/project_robot_ws/install/project_robot_description', 'merge_install': False, 'path': '/home/pranav/project_robot_ws/src/project_robot_description', 'symlink_install': True, 'test_result_base': None}
[0.331s] INFO:colcon.colcon_core.executor:Executing jobs using 'parallel' executor
[0.332s] DEBUG:colcon.colcon_parallel_executor.executor.parallel:run_until_complete
[0.332s] INFO:colcon.colcon_ros.task.ament_cmake.build:Building ROS package in '/home/pranav/project_robot_ws/src/my_robot_bringup' with build type 'ament_cmake'
[0.332s] INFO:colcon.colcon_cmake.task.cmake.build:Building CMake package in '/home/pranav/project_robot_ws/src/my_robot_bringup'
[0.334s] INFO:colcon.colcon_core.plugin_system:Skipping extension 'colcon_core.shell.bat': Not used on non-Windows systems
[0.335s] INFO:colcon.colcon_core.shell:Skip shell extension 'powershell' for command environment: Not usable outside of PowerShell
[0.335s] DEBUG:colcon.colcon_core.shell:Skip shell extension 'dsv' for command environment
[0.339s] INFO:colcon.colcon_ros.task.ament_cmake.build:Building ROS package in '/home/pranav/project_robot_ws/src/project_robot_description' with build type 'ament_cmake'
[0.339s] INFO:colcon.colcon_cmake.task.cmake.build:Building CMake package in '/home/pranav/project_robot_ws/src/project_robot_description'
[0.339s] INFO:colcon.colcon_core.shell:Skip shell extension 'powershell' for command environment: Not usable outside of PowerShell
[0.339s] DEBUG:colcon.colcon_core.shell:Skip shell extension 'dsv' for command environment
[0.349s] DEBUG:colcon.colcon_core.event_handler.log_command:Invoking command in '/home/pranav/project_robot_ws/build/my_robot_bringup': CMAKE_PREFIX_PATH=${CMAKE_PREFIX_PATH}:/home/pranav/ws/install/mypkg:/home/pranav/learning_ws/install/mypkg:/opt/ros/humble /usr/bin/cmake --build /home/pranav/project_robot_ws/build/my_robot_bringup -- -j4 -l4
[0.355s] DEBUG:colcon.colcon_core.event_handler.log_command:Invoking command in '/home/pranav/project_robot_ws/build/project_robot_description': CMAKE_PREFIX_PATH=${CMAKE_PREFIX_PATH}:/home/pranav/ws/install/mypkg:/home/pranav/learning_ws/install/mypkg:/opt/ros/humble /usr/bin/cmake --build /home/pranav/project_robot_ws/build/project_robot_description -- -j4 -l4
[0.401s] DEBUG:colcon.colcon_core.event_handler.log_command:Invoked command in '/home/pranav/project_robot_ws/build/my_robot_bringup' returned '0': CMAKE_PREFIX_PATH=${CMAKE_PREFIX_PATH}:/home/pranav/ws/install/mypkg:/home/pranav/learning_ws/install/mypkg:/opt/ros/humble /usr/bin/cmake --build /home/pranav/project_robot_ws/build/my_robot_bringup -- -j4 -l4
[0.404s] DEBUG:colcon.colcon_core.event_handler.log_command:Invoked command in '/home/pranav/project_robot_ws/build/project_robot_description' returned '0': CMAKE_PREFIX_PATH=${CMAKE_PREFIX_PATH}:/home/pranav/ws/install/mypkg:/home/pranav/learning_ws/install/mypkg:/opt/ros/humble /usr/bin/cmake --build /home/pranav/project_robot_ws/build/project_robot_description -- -j4 -l4
[0.443s] DEBUG:colcon.colcon_core.event_handler.log_command:Invoking command in '/home/pranav/project_robot_ws/build/my_robot_bringup': CMAKE_PREFIX_PATH=${CMAKE_PREFIX_PATH}:/home/pranav/ws/install/mypkg:/home/pranav/learning_ws/install/mypkg:/opt/ros/humble /usr/bin/cmake --install /home/pranav/project_robot_ws/build/my_robot_bringup
[0.445s] DEBUG:colcon.colcon_core.event_handler.log_command:Invoking command in '/home/pranav/project_robot_ws/build/project_robot_description': CMAKE_PREFIX_PATH=${CMAKE_PREFIX_PATH}:/home/pranav/ws/install/mypkg:/home/pranav/learning_ws/install/mypkg:/opt/ros/humble /usr/bin/cmake --install /home/pranav/project_robot_ws/build/project_robot_description
[0.474s] Level 1:colcon.colcon_core.environment:create_environment_scripts_only(my_robot_bringup)
[0.475s] DEBUG:colcon.colcon_core.event_handler.log_command:Invoked command in '/home/pranav/project_robot_ws/build/my_robot_bringup' returned '0': CMAKE_PREFIX_PATH=${CMAKE_PREFIX_PATH}:/home/pranav/ws/install/mypkg:/home/pranav/learning_ws/install/mypkg:/opt/ros/humble /usr/bin/cmake --install /home/pranav/project_robot_ws/build/my_robot_bringup
[0.477s] Level 1:colcon.colcon_core.environment:checking '/home/pranav/project_robot_ws/install/my_robot_bringup' for CMake module files
[0.477s] Level 1:colcon.colcon_core.environment:checking '/home/pranav/project_robot_ws/install/my_robot_bringup' for CMake config files
[0.478s] Level 1:colcon.colcon_core.shell:create_environment_hook('my_robot_bringup', 'cmake_prefix_path')
[0.478s] INFO:colcon.colcon_core.shell:Creating environment hook '/home/pranav/project_robot_ws/install/my_robot_bringup/share/my_robot_bringup/hook/cmake_prefix_path.ps1'
[0.479s] INFO:colcon.colcon_core.shell:Creating environment descriptor '/home/pranav/project_robot_ws/install/my_robot_bringup/share/my_robot_bringup/hook/cmake_prefix_path.dsv'
[0.479s] INFO:colcon.colcon_core.shell:Creating environment hook '/home/pranav/project_robot_ws/install/my_robot_bringup/share/my_robot_bringup/hook/cmake_prefix_path.sh'
[0.480s] Level 1:colcon.colcon_core.environment:checking '/home/pranav/project_robot_ws/install/my_robot_bringup/bin'
[0.480s] Level 1:colcon.colcon_core.environment:checking '/home/pranav/project_robot_ws/install/my_robot_bringup/lib/pkgconfig/my_robot_bringup.pc'
[0.480s] Level 1:colcon.colcon_core.environment:checking '/home/pranav/project_robot_ws/install/my_robot_bringup/lib/python3.10/site-packages'
[0.480s] Level 1:colcon.colcon_core.environment:checking '/home/pranav/project_robot_ws/install/my_robot_bringup/bin'
[0.480s] INFO:colcon.colcon_core.shell:Creating package script '/home/pranav/project_robot_ws/install/my_robot_bringup/share/my_robot_bringup/package.ps1'
[0.481s] INFO:colcon.colcon_core.shell:Creating package descriptor '/home/pranav/project_robot_ws/install/my_robot_bringup/share/my_robot_bringup/package.dsv'
[0.482s] INFO:colcon.colcon_core.shell:Creating package script '/home/pranav/project_robot_ws/install/my_robot_bringup/share/my_robot_bringup/package.sh'
[0.483s] INFO:colcon.colcon_core.shell:Creating package script '/home/pranav/project_robot_ws/install/my_robot_bringup/share/my_robot_bringup/package.bash'
[0.484s] INFO:colcon.colcon_core.shell:Creating package script '/home/pranav/project_robot_ws/install/my_robot_bringup/share/my_robot_bringup/package.zsh'
[0.485s] Level 1:colcon.colcon_core.environment:create_file_with_runtime_dependencies(/home/pranav/project_robot_ws/install/my_robot_bringup/share/colcon-core/packages/my_robot_bringup)
[0.486s] Level 1:colcon.colcon_core.environment:create_environment_scripts_only(project_robot_description)
[0.486s] Level 1:colcon.colcon_core.environment:checking '/home/pranav/project_robot_ws/install/project_robot_description' for CMake module files
[0.487s] DEBUG:colcon.colcon_core.event_handler.log_command:Invoked command in '/home/pranav/project_robot_ws/build/project_robot_description' returned '0': CMAKE_PREFIX_PATH=${CMAKE_PREFIX_PATH}:/home/pranav/ws/install/mypkg:/home/pranav/learning_ws/install/mypkg:/opt/ros/humble /usr/bin/cmake --install /home/pranav/project_robot_ws/build/project_robot_description
[0.487s] Level 1:colcon.colcon_core.environment:checking '/home/pranav/project_robot_ws/install/project_robot_description' for CMake config files
[0.488s] Level 1:colcon.colcon_core.shell:create_environment_hook('project_robot_description', 'cmake_prefix_path')
[0.488s] INFO:colcon.colcon_core.shell:Creating environment hook '/home/pranav/project_robot_ws/install/project_robot_description/share/project_robot_description/hook/cmake_prefix_path.ps1'
[0.489s] INFO:colcon.colcon_core.shell:Creating environment descriptor '/home/pranav/project_robot_ws/install/project_robot_description/share/project_robot_description/hook/cmake_prefix_path.dsv'
[0.489s] INFO:colcon.colcon_core.shell:Creating environment hook '/home/pranav/project_robot_ws/install/project_robot_description/share/project_robot_description/hook/cmake_prefix_path.sh'
[0.490s] Level 1:colcon.colcon_core.environment:checking '/home/pranav/project_robot_ws/install/project_robot_description/bin'
[0.490s] Level 1:colcon.colcon_core.environment:checking '/home/pranav/project_robot_ws/install/project_robot_description/lib/pkgconfig/project_robot_description.pc'
[0.490s] Level 1:colcon.colcon_core.environment:checking '/home/pranav/project_robot_ws/install/project_robot_description/lib/python3.10/site-packages'
[0.490s] Level 1:colcon.colcon_core.environment:checking '/home/pranav/project_robot_ws/install/project_robot_description/bin'
[0.490s] INFO:colcon.colcon_core.shell:Creating package script '/home/pranav/project_robot_ws/install/project_robot_description/share/project_robot_description/package.ps1'
[0.491s] INFO:colcon.colcon_core.shell:Creating package descriptor '/home/pranav/project_robot_ws/install/project_robot_description/share/project_robot_description/package.dsv'
[0.491s] INFO:colcon.colcon_core.shell:Creating package script '/home/pranav/project_robot_ws/install/project_robot_description/share/project_robot_description/package.sh'
[0.492s] INFO:colcon.colcon_core.shell:Creating package script '/home/pranav/project_robot_ws/install/project_robot_description/share/project_robot_description/package.bash'
[0.492s] INFO:colcon.colcon_core.shell:Creating package script '/home/pranav/project_robot_ws/install/project_robot_description/share/project_robot_description/package.zsh'
[0.493s] Level 1:colcon.colcon_core.environment:create_file_with_runtime_dependencies(/home/pranav/project_robot_ws/install/project_robot_description/share/colcon-core/packages/project_robot_description)
[0.515s] Level 1:colcon.colcon_core.environment:create_environment_scripts_only(my_robot_bringup)
[0.516s] Level 1:colcon.colcon_core.environment:checking '/home/pranav/project_robot_ws/install/my_robot_bringup' for CMake module files
[0.516s] Level 1:colcon.colcon_core.environment:checking '/home/pranav/project_robot_ws/install/my_robot_bringup' for CMake config files
[0.516s] Level 1:colcon.colcon_core.shell:create_environment_hook('my_robot_bringup', 'cmake_prefix_path')
[0.517s] INFO:colcon.colcon_core.shell:Creating environment hook '/home/pranav/project_robot_ws/install/my_robot_bringup/share/my_robot_bringup/hook/cmake_prefix_path.ps1'
[0.517s] INFO:colcon.colcon_core.shell:Creating environment descriptor '/home/pranav/project_robot_ws/install/my_robot_bringup/share/my_robot_bringup/hook/cmake_prefix_path.dsv'
[0.518s] INFO:colcon.colcon_core.shell:Creating environment hook '/home/pranav/project_robot_ws/install/my_robot_bringup/share/my_robot_bringup/hook/cmake_prefix_path.sh'
[0.518s] Level 1:colcon.colcon_core.environment:checking '/home/pranav/project_robot_ws/install/my_robot_bringup/bin'
[0.518s] Level 1:colcon.colcon_core.environment:checking '/home/pranav/project_robot_ws/install/my_robot_bringup/lib/pkgconfig/my_robot_bringup.pc'
[0.519s] Level 1:colcon.colcon_core.environment:checking '/home/pranav/project_robot_ws/install/my_robot_bringup/lib/python3.10/site-packages'
[0.519s] Level 1:colcon.colcon_core.environment:checking '/home/pranav/project_robot_ws/install/my_robot_bringup/bin'
[0.519s] INFO:colcon.colcon_core.shell:Creating package script '/home/pranav/project_robot_ws/install/my_robot_bringup/share/my_robot_bringup/package.ps1'
[0.520s] INFO:colcon.colcon_core.shell:Creating package descriptor '/home/pranav/project_robot_ws/install/my_robot_bringup/share/my_robot_bringup/package.dsv'
[0.520s] INFO:colcon.colcon_core.shell:Creating package script '/home/pranav/project_robot_ws/install/my_robot_bringup/share/my_robot_bringup/package.sh'
[0.521s] INFO:colcon.colcon_core.shell:Creating package script '/home/pranav/project_robot_ws/install/my_robot_bringup/share/my_robot_bringup/package.bash'
[0.522s] INFO:colcon.colcon_core.shell:Creating package script '/home/pranav/project_robot_ws/install/my_robot_bringup/share/my_robot_bringup/package.zsh'
[0.523s] Level 1:colcon.colcon_core.environment:create_file_with_runtime_dependencies(/home/pranav/project_robot_ws/install/my_robot_bringup/share/colcon-core/packages/my_robot_bringup)
[0.525s] Level 1:colcon.colcon_core.environment:create_environment_scripts_only(project_robot_description)
[0.525s] Level 1:colcon.colcon_core.environment:checking '/home/pranav/project_robot_ws/install/project_robot_description' for CMake module files
[0.526s] Level 1:colcon.colcon_core.environment:checking '/home/pranav/project_robot_ws/install/project_robot_description' for CMake config files
[0.526s] Level 1:colcon.colcon_core.shell:create_environment_hook('project_robot_description', 'cmake_prefix_path')
[0.526s] INFO:colcon.colcon_core.shell:Creating environment hook '/home/pranav/project_robot_ws/install/project_robot_description/share/project_robot_description/hook/cmake_prefix_path.ps1'
[0.527s] INFO:colcon.colcon_core.shell:Creating environment descriptor '/home/pranav/project_robot_ws/install/project_robot_description/share/project_robot_description/hook/cmake_prefix_path.dsv'
[0.527s] INFO:colcon.colcon_core.shell:Creating environment hook '/home/pranav/project_robot_ws/install/project_robot_description/share/project_robot_description/hook/cmake_prefix_path.sh'
[0.528s] Level 1:colcon.colcon_core.environment:checking '/home/pranav/project_robot_ws/install/project_robot_description/bin'
[0.528s] Level 1:colcon.colcon_core.environment:checking '/home/pranav/project_robot_ws/install/project_robot_description/lib/pkgconfig/project_robot_description.pc'
[0.528s] Level 1:colcon.colcon_core.environment:checking '/home/pranav/project_robot_ws/install/project_robot_description/lib/python3.10/site-packages'
[0.528s] Level 1:colcon.colcon_core.environment:checking '/home/pranav/project_robot_ws/install/project_robot_description/bin'
[0.528s] INFO:colcon.colcon_core.shell:Creating package script '/home/pranav/project_robot_ws/install/project_robot_description/share/project_robot_description/package.ps1'
[0.529s] INFO:colcon.colcon_core.shell:Creating package descriptor '/home/pranav/project_robot_ws/install/project_robot_description/share/project_robot_description/package.dsv'
[0.529s] INFO:colcon.colcon_core.shell:Creating package script '/home/pranav/project_robot_ws/install/project_robot_description/share/project_robot_description/package.sh'
[0.529s] INFO:colcon.colcon_core.shell:Creating package script '/home/pranav/project_robot_ws/install/project_robot_description/share/project_robot_description/package.bash'
[0.530s] INFO:colcon.colcon_core.shell:Creating package script '/home/pranav/project_robot_ws/install/project_robot_description/share/project_robot_description/package.zsh'
[0.530s] Level 1:colcon.colcon_core.environment:create_file_with_runtime_dependencies(/home/pranav/project_robot_ws/install/project_robot_description/share/colcon-core/packages/project_robot_description)
[0.531s] DEBUG:colcon.colcon_parallel_executor.executor.parallel:closing loop
[0.531s] DEBUG:colcon.colcon_parallel_executor.executor.parallel:loop closed
[0.531s] DEBUG:colcon.colcon_parallel_executor.executor.parallel:run_until_complete finished with '0'
[0.531s] DEBUG:colcon.colcon_core.event_reactor:joining thread
[0.537s] INFO:colcon.colcon_core.plugin_system:Skipping extension 'colcon_notification.desktop_notification.terminal_notifier': Not used on non-Darwin systems
[0.537s] INFO:colcon.colcon_core.plugin_system:Skipping extension 'colcon_notification.desktop_notification.win32': Not used on non-Windows systems
[0.537s] INFO:colcon.colcon_notification.desktop_notification:Sending desktop notification using 'notify2'
[0.550s] DEBUG:colcon.colcon_core.event_reactor:joined thread
[0.551s] INFO:colcon.colcon_core.shell:Creating prefix script '/home/pranav/project_robot_ws/install/local_setup.ps1'
[0.552s] INFO:colcon.colcon_core.shell:Creating prefix util module '/home/pranav/project_robot_ws/install/_local_setup_util_ps1.py'
[0.553s] INFO:colcon.colcon_core.shell:Creating prefix chain script '/home/pranav/project_robot_ws/install/setup.ps1'
[0.555s] INFO:colcon.colcon_core.shell:Creating prefix script '/home/pranav/project_robot_ws/install/local_setup.sh'
[0.555s] INFO:colcon.colcon_core.shell:Creating prefix util module '/home/pranav/project_robot_ws/install/_local_setup_util_sh.py'
[0.556s] INFO:colcon.colcon_core.shell:Creating prefix chain script '/home/pranav/project_robot_ws/install/setup.sh'
[0.557s] INFO:colcon.colcon_core.shell:Creating prefix script '/home/pranav/project_robot_ws/install/local_setup.bash'
[0.558s] INFO:colcon.colcon_core.shell:Creating prefix chain script '/home/pranav/project_robot_ws/install/setup.bash'
[0.560s] INFO:colcon.colcon_core.shell:Creating prefix script '/home/pranav/project_robot_ws/install/local_setup.zsh'
[0.560s] INFO:colcon.colcon_core.shell:Creating prefix chain script '/home/pranav/project_robot_ws/install/setup.zsh'
