[0.125s] DEBUG:colcon:Command line arguments: ['/usr/bin/colcon', 'list', '-p', '--base-paths', '/home/pranav/project_robot_ws']
[0.126s] DEBUG:colcon:Parsed command line arguments: Namespace(log_base=None, log_level=None, verb_name='list', build_base='build', ignore_user_meta=False, metas=['./colcon.meta'], base_paths=['/home/pranav/project_robot_ws'], packages_ignore=None, packages_ignore_regex=None, paths=None, packages_up_to=None, packages_up_to_regex=None, packages_above=None, packages_above_and_dependencies=None, packages_above_depth=None, packages_select_by_dep=None, packages_skip_by_dep=None, packages_skip_up_to=None, packages_select_build_failed=False, packages_skip_build_finished=False, packages_select_test_failures=False, packages_skip_test_passed=False, packages_select=None, packages_skip=None, packages_select_regex=None, packages_skip_regex=None, packages_start=None, packages_end=None, allow_overriding=[], topological_order=False, names_only=False, paths_only=True, topological_graph=False, topological_graph_dot=False, topological_graph_density=False, topological_graph_legend=False, topological_graph_dot_cluster=False, topological_graph_dot_include_skipped=False, mixin_files=None, mixin=None, verb_parser=<colcon_mixin.mixin.mixin_argument.MixinArgumentDecorator object at 0x78e8e41473a0>, verb_extension=<colcon_package_information.verb.list.ListVerb object at 0x78e8e4145f60>, main=<bound method ListVerb.main of <colcon_package_information.verb.list.ListVerb object at 0x78e8e4145f60>>, mixin_verb=('list',))
[0.380s] Level 1:colcon.colcon_core.package_discovery:discover_packages(colcon_meta) check parameters
[0.381s] Level 1:colcon.colcon_core.package_discovery:discover_packages(recursive) check parameters
[0.381s] Level 1:colcon.colcon_core.package_discovery:discover_packages(ignore) check parameters
[0.381s] Level 1:colcon.colcon_core.package_discovery:discover_packages(path) check parameters
[0.381s] Level 1:colcon.colcon_core.package_discovery:discover_packages(recursive) discover
[0.381s] INFO:colcon.colcon_core.package_discovery:Crawling recursively for packages in '/home/pranav/project_robot_ws'
[0.381s] Level 1:colcon.colcon_core.package_identification:_identify(/home/pranav/project_robot_ws) by extensions ['ignore', 'ignore_ament_install']
[0.381s] Level 1:colcon.colcon_core.package_identification:_identify(/home/pranav/project_robot_ws) by extension 'ignore'
[0.381s] Level 1:colcon.colcon_core.package_identification:_identify(/home/pranav/project_robot_ws) by extension 'ignore_ament_install'
[0.381s] Level 1:colcon.colcon_core.package_identification:_identify(/home/pranav/project_robot_ws) by extensions ['colcon_pkg']
[0.381s] Level 1:colcon.colcon_core.package_identification:_identify(/home/pranav/project_robot_ws) by extension 'colcon_pkg'
[0.382s] Level 1:colcon.colcon_core.package_identification:_identify(/home/pranav/project_robot_ws) by extensions ['colcon_meta']
[0.382s] Level 1:colcon.colcon_core.package_identification:_identify(/home/pranav/project_robot_ws) by extension 'colcon_meta'
[0.382s] Level 1:colcon.colcon_core.package_identification:_identify(/home/pranav/project_robot_ws) by extensions ['ros']
[0.382s] Level 1:colcon.colcon_core.package_identification:_identify(/home/pranav/project_robot_ws) by extension 'ros'
[0.398s] Level 1:colcon.colcon_core.package_identification:_identify(/home/pranav/project_robot_ws) by extensions ['cmake', 'python']
[0.399s] Level 1:colcon.colcon_core.package_identification:_identify(/home/pranav/project_robot_ws) by extension 'cmake'
[0.399s] Level 1:colcon.colcon_core.package_identification:_identify(/home/pranav/project_robot_ws) by extension 'python'
[0.399s] Level 1:colcon.colcon_core.package_identification:_identify(/home/pranav/project_robot_ws) by extensions ['python_setup_py']
[0.399s] Level 1:colcon.colcon_core.package_identification:_identify(/home/pranav/project_robot_ws) by extension 'python_setup_py'
[0.399s] Level 1:colcon.colcon_core.package_identification:_identify(/home/pranav/project_robot_ws/build) by extensions ['ignore', 'ignore_ament_install']
[0.399s] Level 1:colcon.colcon_core.package_identification:_identify(/home/pranav/project_robot_ws/build) by extension 'ignore'
[0.399s] Level 1:colcon.colcon_core.package_identification:_identify(/home/pranav/project_robot_ws/build) ignored
[0.399s] Level 1:colcon.colcon_core.package_identification:_identify(/home/pranav/project_robot_ws/install) by extensions ['ignore', 'ignore_ament_install']
[0.400s] Level 1:colcon.colcon_core.package_identification:_identify(/home/pranav/project_robot_ws/install) by extension 'ignore'
[0.400s] Level 1:colcon.colcon_core.package_identification:_identify(/home/pranav/project_robot_ws/install) ignored
[0.400s] Level 1:colcon.colcon_core.package_identification:_identify(/home/pranav/project_robot_ws/log) by extensions ['ignore', 'ignore_ament_install']
[0.400s] Level 1:colcon.colcon_core.package_identification:_identify(/home/pranav/project_robot_ws/log) by extension 'ignore'
[0.400s] Level 1:colcon.colcon_core.package_identification:_identify(/home/pranav/project_robot_ws/log) ignored
[0.401s] Level 1:colcon.colcon_core.package_identification:_identify(/home/pranav/project_robot_ws/src) by extensions ['ignore', 'ignore_ament_install']
[0.401s] Level 1:colcon.colcon_core.package_identification:_identify(/home/pranav/project_robot_ws/src) by extension 'ignore'
[0.401s] Level 1:colcon.colcon_core.package_identification:_identify(/home/pranav/project_robot_ws/src) by extension 'ignore_ament_install'
[0.401s] Level 1:colcon.colcon_core.package_identification:_identify(/home/pranav/project_robot_ws/src) by extensions ['colcon_pkg']
[0.401s] Level 1:colcon.colcon_core.package_identification:_identify(/home/pranav/project_robot_ws/src) by extension 'colcon_pkg'
[0.401s] Level 1:colcon.colcon_core.package_identification:_identify(/home/pranav/project_robot_ws/src) by extensions ['colcon_meta']
[0.401s] Level 1:colcon.colcon_core.package_identification:_identify(/home/pranav/project_robot_ws/src) by extension 'colcon_meta'
[0.402s] Level 1:colcon.colcon_core.package_identification:_identify(/home/pranav/project_robot_ws/src) by extensions ['ros']
[0.402s] Level 1:colcon.colcon_core.package_identification:_identify(/home/pranav/project_robot_ws/src) by extension 'ros'
[0.402s] Level 1:colcon.colcon_core.package_identification:_identify(/home/pranav/project_robot_ws/src) by extensions ['cmake', 'python']
[0.402s] Level 1:colcon.colcon_core.package_identification:_identify(/home/pranav/project_robot_ws/src) by extension 'cmake'
[0.402s] Level 1:colcon.colcon_core.package_identification:_identify(/home/pranav/project_robot_ws/src) by extension 'python'
[0.402s] Level 1:colcon.colcon_core.package_identification:_identify(/home/pranav/project_robot_ws/src) by extensions ['python_setup_py']
[0.402s] Level 1:colcon.colcon_core.package_identification:_identify(/home/pranav/project_robot_ws/src) by extension 'python_setup_py'
[0.402s] Level 1:colcon.colcon_core.package_identification:_identify(/home/pranav/project_robot_ws/src/my_robot_bringup) by extensions ['ignore', 'ignore_ament_install']
[0.402s] Level 1:colcon.colcon_core.package_identification:_identify(/home/pranav/project_robot_ws/src/my_robot_bringup) by extension 'ignore'
[0.402s] Level 1:colcon.colcon_core.package_identification:_identify(/home/pranav/project_robot_ws/src/my_robot_bringup) by extension 'ignore_ament_install'
[0.402s] Level 1:colcon.colcon_core.package_identification:_identify(/home/pranav/project_robot_ws/src/my_robot_bringup) by extensions ['colcon_pkg']
[0.402s] Level 1:colcon.colcon_core.package_identification:_identify(/home/pranav/project_robot_ws/src/my_robot_bringup) by extension 'colcon_pkg'
[0.402s] Level 1:colcon.colcon_core.package_identification:_identify(/home/pranav/project_robot_ws/src/my_robot_bringup) by extensions ['colcon_meta']
[0.402s] Level 1:colcon.colcon_core.package_identification:_identify(/home/pranav/project_robot_ws/src/my_robot_bringup) by extension 'colcon_meta'
[0.403s] Level 1:colcon.colcon_core.package_identification:_identify(/home/pranav/project_robot_ws/src/my_robot_bringup) by extensions ['ros']
[0.403s] Level 1:colcon.colcon_core.package_identification:_identify(/home/pranav/project_robot_ws/src/my_robot_bringup) by extension 'ros'
[0.405s] DEBUG:colcon.colcon_core.package_identification:Package '/home/pranav/project_robot_ws/src/my_robot_bringup' with type 'ros.ament_cmake' and name 'my_robot_bringup'
[0.405s] Level 1:colcon.colcon_core.package_identification:_identify(/home/pranav/project_robot_ws/src/project_robot_description) by extensions ['ignore', 'ignore_ament_install']
[0.405s] Level 1:colcon.colcon_core.package_identification:_identify(/home/pranav/project_robot_ws/src/project_robot_description) by extension 'ignore'
[0.405s] Level 1:colcon.colcon_core.package_identification:_identify(/home/pranav/project_robot_ws/src/project_robot_description) by extension 'ignore_ament_install'
[0.405s] Level 1:colcon.colcon_core.package_identification:_identify(/home/pranav/project_robot_ws/src/project_robot_description) by extensions ['colcon_pkg']
[0.405s] Level 1:colcon.colcon_core.package_identification:_identify(/home/pranav/project_robot_ws/src/project_robot_description) by extension 'colcon_pkg'
[0.405s] Level 1:colcon.colcon_core.package_identification:_identify(/home/pranav/project_robot_ws/src/project_robot_description) by extensions ['colcon_meta']
[0.406s] Level 1:colcon.colcon_core.package_identification:_identify(/home/pranav/project_robot_ws/src/project_robot_description) by extension 'colcon_meta'
[0.406s] Level 1:colcon.colcon_core.package_identification:_identify(/home/pranav/project_robot_ws/src/project_robot_description) by extensions ['ros']
[0.406s] Level 1:colcon.colcon_core.package_identification:_identify(/home/pranav/project_robot_ws/src/project_robot_description) by extension 'ros'
[0.406s] DEBUG:colcon.colcon_core.package_identification:Package '/home/pranav/project_robot_ws/src/project_robot_description' with type 'ros.ament_cmake' and name 'project_robot_description'
[0.406s] Level 1:colcon.colcon_core.package_discovery:discover_packages(recursive) using defaults
