[0.021s] Invoking command in '/home/pranav/project_robot_ws/build/my_robot_bringup': CMAKE_PREFIX_PATH=${CMAKE_PREFIX_PATH}:/home/pranav/ws/install/mypkg:/home/pranav/learning_ws/install/mypkg:/opt/ros/humble /usr/bin/cmake --build /home/pranav/project_robot_ws/build/my_robot_bringup -- -j4 -l4
[0.111s] Invoked command in '/home/pranav/project_robot_ws/build/my_robot_bringup' returned '0': CMAKE_PREFIX_PATH=${CMAKE_PREFIX_PATH}:/home/pranav/ws/install/mypkg:/home/pranav/learning_ws/install/mypkg:/opt/ros/humble /usr/bin/cmake --build /home/pranav/project_robot_ws/build/my_robot_bringup -- -j4 -l4
[0.167s] Invoking command in '/home/pranav/project_robot_ws/build/my_robot_bringup': CMAKE_PREFIX_PATH=${CMAKE_PREFIX_PATH}:/home/pranav/ws/install/mypkg:/home/pranav/learning_ws/install/mypkg:/opt/ros/humble /usr/bin/cmake --install /home/pranav/project_robot_ws/build/my_robot_bringup
[0.184s] -- Install configuration: ""
[0.185s] -- Execute custom install script
[0.187s] -- Up-to-date symlink: /home/pranav/project_robot_ws/install/my_robot_bringup/share/my_robot_bringup/launch/my_robot_gazebo.launch.xml
[0.188s] -- Up-to-date symlink: /home/pranav/project_robot_ws/install/my_robot_bringup/share/my_robot_bringup/rviz/default.rviz
[0.188s] -- Up-to-date symlink: /home/pranav/project_robot_ws/install/my_robot_bringup/share/ament_index/resource_index/package_run_dependencies/my_robot_bringup
[0.189s] -- Up-to-date symlink: /home/pranav/project_robot_ws/install/my_robot_bringup/share/ament_index/resource_index/parent_prefix_path/my_robot_bringup
[0.189s] -- Up-to-date symlink: /home/pranav/project_robot_ws/install/my_robot_bringup/share/my_robot_bringup/environment/ament_prefix_path.sh
[0.189s] -- Up-to-date symlink: /home/pranav/project_robot_ws/install/my_robot_bringup/share/my_robot_bringup/environment/ament_prefix_path.dsv
[0.190s] -- Up-to-date symlink: /home/pranav/project_robot_ws/install/my_robot_bringup/share/my_robot_bringup/environment/path.sh
[0.190s] -- Up-to-date symlink: /home/pranav/project_robot_ws/install/my_robot_bringup/share/my_robot_bringup/environment/path.dsv
[0.190s] -- Up-to-date symlink: /home/pranav/project_robot_ws/install/my_robot_bringup/share/my_robot_bringup/local_setup.bash
[0.190s] -- Up-to-date symlink: /home/pranav/project_robot_ws/install/my_robot_bringup/share/my_robot_bringup/local_setup.sh
[0.190s] -- Up-to-date symlink: /home/pranav/project_robot_ws/install/my_robot_bringup/share/my_robot_bringup/local_setup.zsh
[0.191s] -- Up-to-date symlink: /home/pranav/project_robot_ws/install/my_robot_bringup/share/my_robot_bringup/local_setup.dsv
[0.191s] -- Symlinking: /home/pranav/project_robot_ws/install/my_robot_bringup/share/my_robot_bringup/package.dsv
[0.205s] -- Up-to-date symlink: /home/pranav/project_robot_ws/install/my_robot_bringup/share/ament_index/resource_index/packages/my_robot_bringup
[0.205s] -- Up-to-date symlink: /home/pranav/project_robot_ws/install/my_robot_bringup/share/my_robot_bringup/cmake/my_robot_bringupConfig.cmake
[0.205s] -- Up-to-date symlink: /home/pranav/project_robot_ws/install/my_robot_bringup/share/my_robot_bringup/cmake/my_robot_bringupConfig-version.cmake
[0.206s] -- Up-to-date symlink: /home/pranav/project_robot_ws/install/my_robot_bringup/share/my_robot_bringup/package.xml
[0.224s] Invoked command in '/home/pranav/project_robot_ws/build/my_robot_bringup' returned '0': CMAKE_PREFIX_PATH=${CMAKE_PREFIX_PATH}:/home/pranav/ws/install/mypkg:/home/pranav/learning_ws/install/mypkg:/opt/ros/humble /usr/bin/cmake --install /home/pranav/project_robot_ws/build/my_robot_bringup
