[0.033s] Invoking command in '/home/pranav/project_robot_ws/build/my_robot_bringup': CMAKE_PREFIX_PATH=${CMAKE_PREFIX_PATH}:/home/pranav/ws/install/mypkg:/home/pranav/learning_ws/install/mypkg:/opt/ros/humble /usr/bin/cmake --build /home/pranav/project_robot_ws/build/my_robot_bringup -- -j4 -l4
[0.137s] Invoked command in '/home/pranav/project_robot_ws/build/my_robot_bringup' returned '0': CMAKE_PREFIX_PATH=${CMAKE_PREFIX_PATH}:/home/pranav/ws/install/mypkg:/home/pranav/learning_ws/install/mypkg:/opt/ros/humble /usr/bin/cmake --build /home/pranav/project_robot_ws/build/my_robot_bringup -- -j4 -l4
[0.191s] Invoking command in '/home/pranav/project_robot_ws/build/my_robot_bringup': CMAKE_PREFIX_PATH=${CMAKE_PREFIX_PATH}:/home/pranav/ws/install/mypkg:/home/pranav/learning_ws/install/mypkg:/opt/ros/humble /usr/bin/cmake --install /home/pranav/project_robot_ws/build/my_robot_bringup
[0.200s] -- Install configuration: ""
[0.201s] -- Up-to-date: /home/pranav/project_robot_ws/install/my_robot_bringup/share/my_robot_bringup/launch
[0.202s] -- Installing: /home/pranav/project_robot_ws/install/my_robot_bringup/share/my_robot_bringup/launch/my_robot_gazebo.launch.xml
[0.202s] -- Up-to-date: /home/pranav/project_robot_ws/install/my_robot_bringup/share/ament_index/resource_index/package_run_dependencies/my_robot_bringup
[0.203s] -- Up-to-date: /home/pranav/project_robot_ws/install/my_robot_bringup/share/ament_index/resource_index/parent_prefix_path/my_robot_bringup
[0.203s] -- Up-to-date: /home/pranav/project_robot_ws/install/my_robot_bringup/share/my_robot_bringup/environment/ament_prefix_path.sh
[0.204s] -- Up-to-date: /home/pranav/project_robot_ws/install/my_robot_bringup/share/my_robot_bringup/environment/ament_prefix_path.dsv
[0.204s] -- Up-to-date: /home/pranav/project_robot_ws/install/my_robot_bringup/share/my_robot_bringup/environment/path.sh
[0.204s] -- Up-to-date: /home/pranav/project_robot_ws/install/my_robot_bringup/share/my_robot_bringup/environment/path.dsv
[0.204s] -- Up-to-date: /home/pranav/project_robot_ws/install/my_robot_bringup/share/my_robot_bringup/local_setup.bash
[0.205s] -- Up-to-date: /home/pranav/project_robot_ws/install/my_robot_bringup/share/my_robot_bringup/local_setup.sh
[0.205s] -- Up-to-date: /home/pranav/project_robot_ws/install/my_robot_bringup/share/my_robot_bringup/local_setup.zsh
[0.205s] -- Up-to-date: /home/pranav/project_robot_ws/install/my_robot_bringup/share/my_robot_bringup/local_setup.dsv
[0.206s] -- Installing: /home/pranav/project_robot_ws/install/my_robot_bringup/share/my_robot_bringup/package.dsv
[0.206s] -- Up-to-date: /home/pranav/project_robot_ws/install/my_robot_bringup/share/ament_index/resource_index/packages/my_robot_bringup
[0.206s] -- Up-to-date: /home/pranav/project_robot_ws/install/my_robot_bringup/share/my_robot_bringup/cmake/my_robot_bringupConfig.cmake
[0.206s] -- Up-to-date: /home/pranav/project_robot_ws/install/my_robot_bringup/share/my_robot_bringup/cmake/my_robot_bringupConfig-version.cmake
[0.206s] -- Up-to-date: /home/pranav/project_robot_ws/install/my_robot_bringup/share/my_robot_bringup/package.xml
[0.211s] Invoked command in '/home/pranav/project_robot_ws/build/my_robot_bringup' returned '0': CMAKE_PREFIX_PATH=${CMAKE_PREFIX_PATH}:/home/pranav/ws/install/mypkg:/home/pranav/learning_ws/install/mypkg:/opt/ros/humble /usr/bin/cmake --install /home/pranav/project_robot_ws/build/my_robot_bringup
