[0.020s] Invoking command in '/home/pranav/project_robot_ws/build/project_robot_description': CMAKE_PREFIX_PATH=${CMAKE_PREFIX_PATH}:/home/pranav/ws/install/mypkg:/home/pranav/learning_ws/install/mypkg:/opt/ros/humble /usr/bin/cmake --build /home/pranav/project_robot_ws/build/project_robot_description -- -j4 -l4
[0.057s] -- Found ament_cmake: 1.3.9 (/opt/ros/humble/share/ament_cmake/cmake)
[0.277s] -- Configuring done
[0.281s] -- Generating done
[0.283s] -- Build files have been written to: /home/pranav/project_robot_ws/build/project_robot_description
[0.311s] Invoked command in '/home/pranav/project_robot_ws/build/project_robot_description' returned '0': CMAKE_PREFIX_PATH=${CMAKE_PREFIX_PATH}:/home/pranav/ws/install/mypkg:/home/pranav/learning_ws/install/mypkg:/opt/ros/humble /usr/bin/cmake --build /home/pranav/project_robot_ws/build/project_robot_description -- -j4 -l4
[0.356s] Invoking command in '/home/pranav/project_robot_ws/build/project_robot_description': CMAKE_PREFIX_PATH=${CMAKE_PREFIX_PATH}:/home/pranav/ws/install/mypkg:/home/pranav/learning_ws/install/mypkg:/opt/ros/humble /usr/bin/cmake --install /home/pranav/project_robot_ws/build/project_robot_description
[0.366s] -- Install configuration: ""
[0.366s] -- Up-to-date: /home/pranav/project_robot_ws/install/project_robot_description/share/project_robot_description//urdf
[0.367s] -- Up-to-date: /home/pranav/project_robot_ws/install/project_robot_description/share/project_robot_description//urdf/my_robot.urdf
[0.367s] -- Up-to-date: /home/pranav/project_robot_ws/install/project_robot_description/share/project_robot_description//launch
[0.367s] -- Up-to-date: /home/pranav/project_robot_ws/install/project_robot_description/share/project_robot_description//launch/display.launch.xml
[0.367s] -- Installing: /home/pranav/project_robot_ws/install/project_robot_description/share/project_robot_description//rviz
[0.368s] -- Installing: /home/pranav/project_robot_ws/install/project_robot_description/share/project_robot_description//rviz/default.rviz
[0.368s] -- Up-to-date: /home/pranav/project_robot_ws/install/project_robot_description/share/ament_index/resource_index/package_run_dependencies/project_robot_description
[0.368s] -- Up-to-date: /home/pranav/project_robot_ws/install/project_robot_description/share/ament_index/resource_index/parent_prefix_path/project_robot_description
[0.368s] -- Up-to-date: /home/pranav/project_robot_ws/install/project_robot_description/share/project_robot_description/environment/ament_prefix_path.sh
[0.368s] -- Installing: /home/pranav/project_robot_ws/install/project_robot_description/share/project_robot_description/environment/ament_prefix_path.dsv
[0.369s] -- Up-to-date: /home/pranav/project_robot_ws/install/project_robot_description/share/project_robot_description/environment/path.sh
[0.369s] -- Installing: /home/pranav/project_robot_ws/install/project_robot_description/share/project_robot_description/environment/path.dsv
[0.369s] -- Up-to-date: /home/pranav/project_robot_ws/install/project_robot_description/share/project_robot_description/local_setup.bash
[0.369s] -- Up-to-date: /home/pranav/project_robot_ws/install/project_robot_description/share/project_robot_description/local_setup.sh
[0.369s] -- Up-to-date: /home/pranav/project_robot_ws/install/project_robot_description/share/project_robot_description/local_setup.zsh
[0.370s] -- Installing: /home/pranav/project_robot_ws/install/project_robot_description/share/project_robot_description/local_setup.dsv
[0.372s] -- Installing: /home/pranav/project_robot_ws/install/project_robot_description/share/project_robot_description/package.dsv
[0.373s] -- Up-to-date: /home/pranav/project_robot_ws/install/project_robot_description/share/ament_index/resource_index/packages/project_robot_description
[0.374s] -- Up-to-date: /home/pranav/project_robot_ws/install/project_robot_description/share/project_robot_description/cmake/project_robot_descriptionConfig.cmake
[0.374s] -- Up-to-date: /home/pranav/project_robot_ws/install/project_robot_description/share/project_robot_description/cmake/project_robot_descriptionConfig-version.cmake
[0.374s] -- Up-to-date: /home/pranav/project_robot_ws/install/project_robot_description/share/project_robot_description/package.xml
[0.377s] Invoked command in '/home/pranav/project_robot_ws/build/project_robot_description' returned '0': CMAKE_PREFIX_PATH=${CMAKE_PREFIX_PATH}:/home/pranav/ws/install/mypkg:/home/pranav/learning_ws/install/mypkg:/opt/ros/humble /usr/bin/cmake --install /home/pranav/project_robot_ws/build/project_robot_description
